# JRE version: Java(TM) SE Runtime Environment (8.0_25-b17) (build 1.8.0_25-b17)
# Java VM: Java HotSpot(TM) 64-Bit Server VM (25.25-b02 mixed mode linux-amd64 compressed oops)
Heap:
 PSYoungGen      total 606720K, used 421189K [0x00000000d5580000, 0x0000000100000000, 0x0000000100000000)
  eden space 538112K, 78% used [0x00000000d5580000,0x00000000ef0d1400,0x00000000f6300000)
  from space 68608K, 0% used [0x00000000fa700000,0x00000000fa700000,0x00000000fea00000)
  to   space 69632K, 0% used [0x00000000f6300000,0x00000000f6300000,0x00000000fa700000)
 ParOldGen       total 344064K, used 184120K [0x0000000080000000, 0x0000000095000000, 0x00000000d5580000)
  object space 344064K, 53% used [0x0000000080000000,0x000000008b3ce3c0,0x0000000095000000)
 Metaspace       used 97919K, capacity 103704K, committed 103872K, reserved 1138688K
  class space    used 12499K, capacity 14521K, committed 14592K, reserved 1048576K
GC Heap History (10 events):
Event: 36.585 GC heap before
{Heap before GC invocations=14 (full 3):
 PSYoungGen      total 365568K, used 314368K [0x00000000d5580000, 0x00000000f2280000, 0x0000000100000000)
  eden space 314368K, 100% used [0x00000000d5580000,0x00000000e8880000,0x00000000e8880000)
  from space 51200K, 0% used [0x00000000ec680000,0x00000000ec680000,0x00000000ef880000)
  to   space 63488K, 0% used [0x00000000e8880000,0x00000000e8880000,0x00000000ec680000)
 ParOldGen       total 265728K, used 133230K [0x0000000080000000, 0x0000000090380000, 0x00000000d5580000)
  object space 265728K, 50% used [0x0000000080000000,0x000000008821b948,0x0000000090380000)
 Metaspace       used 80303K, capacity 85940K, committed 86104K, reserved 1122304K
  class space    used 10579K, capacity 12402K, committed 12416K, reserved 1048576K
Event: 36.678 GC heap after
Heap after GC invocations=14 (full 3):
 PSYoungGen      total 377856K, used 44921K [0x00000000d5580000, 0x00000000f6100000, 0x0000000100000000)
  eden space 314368K, 0% used [0x00000000d5580000,0x00000000d5580000,0x00000000e8880000)
  from space 63488K, 70% used [0x00000000e8880000,0x00000000eb45e5e0,0x00000000ec680000)
  to   space 66048K, 0% used [0x00000000f2080000,0x00000000f2080000,0x00000000f6100000)
 ParOldGen       total 265728K, used 133238K [0x0000000080000000, 0x0000000090380000, 0x00000000d5580000)
  object space 265728K, 50% used [0x0000000080000000,0x000000008821d948,0x0000000090380000)
 Metaspace       used 80303K, capacity 85940K, committed 86104K, reserved 1122304K
  class space    used 10579K, capacity 12402K, committed 12416K, reserved 1048576K
}
Event: 38.155 GC heap before
{Heap before GC invocations=15 (full 3):
 PSYoungGen      total 377856K, used 359289K [0x00000000d5580000, 0x00000000f6100000, 0x0000000100000000)
  eden space 314368K, 100% used [0x00000000d5580000,0x00000000e8880000,0x00000000e8880000)
  from space 63488K, 70% used [0x00000000e8880000,0x00000000eb45e5e0,0x00000000ec680000)
  to   space 66048K, 0% used [0x00000000f2080000,0x00000000f2080000,0x00000000f6100000)
 ParOldGen       total 265728K, used 133238K [0x0000000080000000, 0x0000000090380000, 0x00000000d5580000)
  object space 265728K, 50% used [0x0000000080000000,0x000000008821d948,0x0000000090380000)
 Metaspace       used 86744K, capacity 92484K, committed 92632K, reserved 1128448K
  class space    used 11331K, capacity 13254K, committed 13312K, reserved 1048576K
Event: 38.242 GC heap after
Heap after GC invocations=15 (full 3):
 PSYoungGen      total 468992K, used 42729K [0x00000000d5580000, 0x00000000f6b00000, 0x0000000100000000)
  eden space 402944K, 0% used [0x00000000d5580000,0x00000000d5580000,0x00000000edf00000)
  from space 66048K, 64% used [0x00000000f2080000,0x00000000f4a3a478,0x00000000f6100000)
  to   space 67072K, 0% used [0x00000000edf00000,0x00000000edf00000,0x00000000f2080000)
 ParOldGen       total 265728K, used 133246K [0x0000000080000000, 0x0000000090380000, 0x00000000d5580000)
  object space 265728K, 50% used [0x0000000080000000,0x000000008821f948,0x0000000090380000)
 Metaspace       used 86744K, capacity 92484K, committed 92632K, reserved 1128448K
  class space    used 11331K, capacity 13254K, committed 13312K, reserved 1048576K
}
Event: 40.242 GC heap before
{Heap before GC invocations=16 (full 3):
 PSYoungGen      total 468992K, used 445673K [0x00000000d5580000, 0x00000000f6b00000, 0x0000000100000000)
  eden space 402944K, 100% used [0x00000000d5580000,0x00000000edf00000,0x00000000edf00000)
  from space 66048K, 64% used [0x00000000f2080000,0x00000000f4a3a478,0x00000000f6100000)
  to   space 67072K, 0% used [0x00000000edf00000,0x00000000edf00000,0x00000000f2080000)
 ParOldGen       total 265728K, used 133246K [0x0000000080000000, 0x0000000090380000, 0x00000000d5580000)
  object space 265728K, 50% used [0x0000000080000000,0x000000008821f948,0x0000000090380000)
 Metaspace       used 92086K, capacity 98084K, committed 98264K, reserved 1134592K
  class space    used 11971K, capacity 14017K, committed 14080K, reserved 1048576K
Event: 40.387 GC heap after
Heap after GC invocations=16 (full 3):
 PSYoungGen      total 470016K, used 44786K [0x00000000d5580000, 0x00000000fea00000, 0x0000000100000000)
  eden space 402944K, 0% used [0x00000000d5580000,0x00000000d5580000,0x00000000edf00000)
  from space 67072K, 66% used [0x00000000edf00000,0x00000000f0abcaf8,0x00000000f2080000)
  to   space 68608K, 0% used [0x00000000fa700000,0x00000000fa700000,0x00000000fea00000)
 ParOldGen       total 265728K, used 153809K [0x0000000080000000, 0x0000000090380000, 0x00000000d5580000)
  object space 265728K, 57% used [0x0000000080000000,0x0000000089634600,0x0000000090380000)
 Metaspace       used 92086K, capacity 98084K, committed 98264K, reserved 1134592K
  class space    used 11971K, capacity 14017K, committed 14080K, reserved 1048576K
}
Event: 40.505 GC heap before
{Heap before GC invocations=17 (full 3):
 PSYoungGen      total 470016K, used 89569K [0x00000000d5580000, 0x00000000fea00000, 0x0000000100000000)
  eden space 402944K, 11% used [0x00000000d5580000,0x00000000d813bb38,0x00000000edf00000)
  from space 67072K, 66% used [0x00000000edf00000,0x00000000f0abcaf8,0x00000000f2080000)
  to   space 68608K, 0% used [0x00000000fa700000,0x00000000fa700000,0x00000000fea00000)
 ParOldGen       total 265728K, used 153809K [0x0000000080000000, 0x0000000090380000, 0x00000000d5580000)
  object space 265728K, 57% used [0x0000000080000000,0x0000000089634600,0x0000000090380000)
 Metaspace       used 92366K, capacity 98346K, committed 98496K, reserved 1134592K
  class space    used 12001K, capacity 14018K, committed 14080K, reserved 1048576K
Event: 40.596 GC heap after
Heap after GC invocations=17 (full 3):
 PSYoungGen      total 606720K, used 5787K [0x00000000d5580000, 0x0000000100000000, 0x0000000100000000)
  eden space 538112K, 0% used [0x00000000d5580000,0x00000000d5580000,0x00000000f6300000)
  from space 68608K, 8% used [0x00000000fa700000,0x00000000faca6c40,0x00000000fea00000)
  to   space 69632K, 0% used [0x00000000f6300000,0x00000000f6300000,0x00000000fa700000)
 ParOldGen       total 265728K, used 189671K [0x0000000080000000, 0x0000000090380000, 0x00000000d5580000)
  object space 265728K, 71% used [0x0000000080000000,0x000000008b939f70,0x0000000090380000)
 Metaspace       used 92366K, capacity 98346K, committed 98496K, reserved 1134592K
  class space    used 12001K, capacity 14018K, committed 14080K, reserved 1048576K
}
Event: 40.596 GC heap before
{Heap before GC invocations=18 (full 4):
 PSYoungGen      total 606720K, used 5787K [0x00000000d5580000, 0x0000000100000000, 0x0000000100000000)
  eden space 538112K, 0% used [0x00000000d5580000,0x00000000d5580000,0x00000000f6300000)
  from space 68608K, 8% used [0x00000000fa700000,0x00000000faca6c40,0x00000000fea00000)
  to   space 69632K, 0% used [0x00000000f6300000,0x00000000f6300000,0x00000000fa700000)
 ParOldGen       total 265728K, used 189671K [0x0000000080000000, 0x0000000090380000, 0x00000000d5580000)
  object space 265728K, 71% used [0x0000000080000000,0x000000008b939f70,0x0000000090380000)
 Metaspace       used 92366K, capacity 98346K, committed 98496K, reserved 1134592K
  class space    used 12001K, capacity 14018K, committed 14080K, reserved 1048576K
Event: 41.153 GC heap after
Heap after GC invocations=18 (full 4):
 PSYoungGen      total 606720K, used 0K [0x00000000d5580000, 0x0000000100000000, 0x0000000100000000)
  eden space 538112K, 0% used [0x00000000d5580000,0x00000000d5580000,0x00000000f6300000)
  from space 68608K, 0% used [0x00000000fa700000,0x00000000fa700000,0x00000000fea00000)
  to   space 69632K, 0% used [0x00000000f6300000,0x00000000f6300000,0x00000000fa700000)
 ParOldGen       total 344064K, used 184120K [0x0000000080000000, 0x0000000095000000, 0x00000000d5580000)
  object space 344064K, 53% used [0x0000000080000000,0x000000008b3ce3c0,0x0000000095000000)
 Metaspace       used 92366K, capacity 98346K, committed 98496K, reserved 1134592K
  class space    used 12001K, capacity 14018K, committed 14080K, reserved 1048576K
}

