# JRE version: Java(TM) SE Runtime Environment (8.0_25-b17) (build 1.8.0_25-b17)
# Java VM: Java HotSpot(TM) 64-Bit Server VM (25.25-b02 mixed mode linux-amd64 compressed oops)
Heap:
 PSYoungGen      total 667136K, used 45754K [0x00000000d6500000, 0x0000000100000000, 0x0000000100000000)
  eden space 651776K, 5% used [0x00000000d6500000,0x00000000d8b2eae8,0x00000000fe180000)
  from space 15360K, 43% used [0x00000000ff000000,0x00000000ff680000,0x00000000fff00000)
  to   space 14848K, 0% used [0x00000000fe180000,0x00000000fe180000,0x00000000ff000000)
 ParOldGen       total 86016K, used 45066K [0x0000000082e00000, 0x0000000088200000, 0x00000000d6500000)
  object space 86016K, 52% used [0x0000000082e00000,0x0000000085a02880,0x0000000088200000)
 Metaspace       used 5233K, capacity 5360K, committed 5504K, reserved 1056768K
  class space    used 554K, capacity 592K, committed 640K, reserved 1048576K
GC Heap History (10 events):
Event: 2.766 GC heap before
{Heap before GC invocations=8 (full 0):
 PSYoungGen      total 279040K, used 266912K [0x00000000d6500000, 0x00000000f8500000, 0x0000000100000000)
  eden space 262144K, 100% used [0x00000000d6500000,0x00000000e6500000,0x00000000e6500000)
  from space 16896K, 28% used [0x00000000e6500000,0x00000000e69a8010,0x00000000e7580000)
  to   space 16384K, 0% used [0x00000000f7500000,0x00000000f7500000,0x00000000f8500000)
 ParOldGen       total 86016K, used 20074K [0x0000000082e00000, 0x0000000088200000, 0x00000000d6500000)
  object space 86016K, 23% used [0x0000000082e00000,0x000000008419a820,0x0000000088200000)
 Metaspace       used 5101K, capacity 5232K, committed 5504K, reserved 1056768K
  class space    used 542K, capacity 592K, committed 640K, reserved 1048576K
Event: 2.797 GC heap after
Heap after GC invocations=8 (full 0):
 PSYoungGen      total 538624K, used 7456K [0x00000000d6500000, 0x00000000f8300000, 0x0000000100000000)
  eden space 524288K, 0% used [0x00000000d6500000,0x00000000d6500000,0x00000000f6500000)
  from space 14336K, 52% used [0x00000000f7500000,0x00000000f7c48010,0x00000000f8300000)
  to   space 15360K, 0% used [0x00000000f6500000,0x00000000f6500000,0x00000000f7400000)
 ParOldGen       total 86016K, used 20106K [0x0000000082e00000, 0x0000000088200000, 0x00000000d6500000)
  object space 86016K, 23% used [0x0000000082e00000,0x00000000841a2820,0x0000000088200000)
 Metaspace       used 5101K, capacity 5232K, committed 5504K, reserved 1056768K
  class space    used 542K, capacity 592K, committed 640K, reserved 1048576K
}
Event: 3.634 GC heap before
{Heap before GC invocations=9 (full 0):
 PSYoungGen      total 538624K, used 531744K [0x00000000d6500000, 0x00000000f8300000, 0x0000000100000000)
  eden space 524288K, 100% used [0x00000000d6500000,0x00000000f6500000,0x00000000f6500000)
  from space 14336K, 52% used [0x00000000f7500000,0x00000000f7c48010,0x00000000f8300000)
  to   space 15360K, 0% used [0x00000000f6500000,0x00000000f6500000,0x00000000f7400000)
 ParOldGen       total 86016K, used 20106K [0x0000000082e00000, 0x0000000088200000, 0x00000000d6500000)
  object space 86016K, 23% used [0x0000000082e00000,0x00000000841a2820,0x0000000088200000)
 Metaspace       used 5110K, capacity 5232K, committed 5504K, reserved 1056768K
  class space    used 542K, capacity 592K, committed 640K, reserved 1048576K
Event: 3.668 GC heap after
Heap after GC invocations=9 (full 0):
 PSYoungGen      total 539648K, used 10816K [0x00000000d6500000, 0x0000000100000000, 0x0000000100000000)
  eden space 524288K, 0% used [0x00000000d6500000,0x00000000d6500000,0x00000000f6500000)
  from space 15360K, 70% used [0x00000000f6500000,0x00000000f6f90010,0x00000000f7400000)
  to   space 15872K, 0% used [0x00000000ff080000,0x00000000ff080000,0x0000000100000000)
 ParOldGen       total 86016K, used 22218K [0x0000000082e00000, 0x0000000088200000, 0x00000000d6500000)
  object space 86016K, 25% used [0x0000000082e00000,0x00000000843b2820,0x0000000088200000)
 Metaspace       used 5110K, capacity 5232K, committed 5504K, reserved 1056768K
  class space    used 542K, capacity 592K, committed 640K, reserved 1048576K
}
Event: 4.312 GC heap before
{Heap before GC invocations=10 (full 0):
 PSYoungGen      total 539648K, used 535104K [0x00000000d6500000, 0x0000000100000000, 0x0000000100000000)
  eden space 524288K, 100% used [0x00000000d6500000,0x00000000f6500000,0x00000000f6500000)
  from space 15360K, 70% used [0x00000000f6500000,0x00000000f6f90010,0x00000000f7400000)
  to   space 15872K, 0% used [0x00000000ff080000,0x00000000ff080000,0x0000000100000000)
 ParOldGen       total 86016K, used 22218K [0x0000000082e00000, 0x0000000088200000, 0x00000000d6500000)
  object space 86016K, 25% used [0x0000000082e00000,0x00000000843b2820,0x0000000088200000)
 Metaspace       used 5110K, capacity 5232K, committed 5504K, reserved 1056768K
  class space    used 542K, capacity 592K, committed 640K, reserved 1048576K
Event: 4.358 GC heap after
Heap after GC invocations=10 (full 0):
 PSYoungGen      total 667136K, used 10784K [0x00000000d6500000, 0x0000000100000000, 0x0000000100000000)
  eden space 651264K, 0% used [0x00000000d6500000,0x00000000d6500000,0x00000000fe100000)
  from space 15872K, 67% used [0x00000000ff080000,0x00000000ffb08010,0x0000000100000000)
  to   space 15872K, 0% used [0x00000000fe100000,0x00000000fe100000,0x00000000ff080000)
 ParOldGen       total 86016K, used 27426K [0x0000000082e00000, 0x0000000088200000, 0x00000000d6500000)
  object space 86016K, 31% used [0x0000000082e00000,0x00000000848c8830,0x0000000088200000)
 Metaspace       used 5110K, capacity 5232K, committed 5504K, reserved 1056768K
  class space    used 542K, capacity 592K, committed 640K, reserved 1048576K
}
Event: 5.245 GC heap before
{Heap before GC invocations=11 (full 0):
 PSYoungGen      total 667136K, used 662048K [0x00000000d6500000, 0x0000000100000000, 0x0000000100000000)
  eden space 651264K, 100% used [0x00000000d6500000,0x00000000fe100000,0x00000000fe100000)
  from space 15872K, 67% used [0x00000000ff080000,0x00000000ffb08010,0x0000000100000000)
  to   space 15872K, 0% used [0x00000000fe100000,0x00000000fe100000,0x00000000ff080000)
 ParOldGen       total 86016K, used 27426K [0x0000000082e00000, 0x0000000088200000, 0x00000000d6500000)
  object space 86016K, 31% used [0x0000000082e00000,0x00000000848c8830,0x0000000088200000)
 Metaspace       used 5115K, capacity 5232K, committed 5504K, reserved 1056768K
  class space    used 542K, capacity 592K, committed 640K, reserved 1048576K
Event: 5.303 GC heap after
Heap after GC invocations=11 (full 0):
 PSYoungGen      total 658944K, used 7200K [0x00000000d6500000, 0x00000000fff00000, 0x0000000100000000)
  eden space 651264K, 0% used [0x00000000d6500000,0x00000000d6500000,0x00000000fe100000)
  from space 7680K, 93% used [0x00000000fe100000,0x00000000fe808010,0x00000000fe880000)
  to   space 15360K, 0% used [0x00000000ff000000,0x00000000ff000000,0x00000000fff00000)
 ParOldGen       total 86016K, used 37934K [0x0000000082e00000, 0x0000000088200000, 0x00000000d6500000)
  object space 86016K, 44% used [0x0000000082e00000,0x000000008530b840,0x0000000088200000)
 Metaspace       used 5115K, capacity 5232K, committed 5504K, reserved 1056768K
  class space    used 542K, capacity 592K, committed 640K, reserved 1048576K
}
Event: 6.089 GC heap before
{Heap before GC invocations=12 (full 0):
 PSYoungGen      total 658944K, used 658464K [0x00000000d6500000, 0x00000000fff00000, 0x0000000100000000)
  eden space 651264K, 100% used [0x00000000d6500000,0x00000000fe100000,0x00000000fe100000)
  from space 7680K, 93% used [0x00000000fe100000,0x00000000fe808010,0x00000000fe880000)
  to   space 15360K, 0% used [0x00000000ff000000,0x00000000ff000000,0x00000000fff00000)
 ParOldGen       total 86016K, used 37934K [0x0000000082e00000, 0x0000000088200000, 0x00000000d6500000)
  object space 86016K, 44% used [0x0000000082e00000,0x000000008530b840,0x0000000088200000)
 Metaspace       used 5115K, capacity 5232K, committed 5504K, reserved 1056768K
  class space    used 542K, capacity 592K, committed 640K, reserved 1048576K
Event: 6.132 GC heap after
Heap after GC invocations=12 (full 0):
 PSYoungGen      total 667136K, used 6656K [0x00000000d6500000, 0x0000000100000000, 0x0000000100000000)
  eden space 651776K, 0% used [0x00000000d6500000,0x00000000d6500000,0x00000000fe180000)
  from space 15360K, 43% used [0x00000000ff000000,0x00000000ff680000,0x00000000fff00000)
  to   space 14848K, 0% used [0x00000000fe180000,0x00000000fe180000,0x00000000ff000000)
 ParOldGen       total 86016K, used 45066K [0x0000000082e00000, 0x0000000088200000, 0x00000000d6500000)
  object space 86016K, 52% used [0x0000000082e00000,0x0000000085a02880,0x0000000088200000)
 Metaspace       used 5115K, capacity 5232K, committed 5504K, reserved 1056768K
  class space    used 542K, capacity 592K, committed 640K, reserved 1048576K
}

