# JRE version: Java(TM) SE Runtime Environment (8.0_25-b17) (build 1.8.0_25-b17)
# Java VM: Java HotSpot(TM) 64-Bit Server VM (25.25-b02 mixed mode linux-amd64 compressed oops)
Heap:
 PSYoungGen      total 487424K, used 409524K [0x00000000d6500000, 0x0000000100000000, 0x0000000100000000)
  eden space 464384K, 86% used [0x00000000d6500000,0x00000000eee47aa8,0x00000000f2a80000)
  from space 23040K, 29% used [0x00000000f2a80000,0x00000000f31258a0,0x00000000f4100000)
  to   space 23040K, 0% used [0x00000000fe980000,0x00000000fe980000,0x0000000100000000)
 ParOldGen       total 91648K, used 30343K [0x0000000082e00000, 0x0000000088780000, 0x00000000d6500000)
  object space 91648K, 33% used [0x0000000082e00000,0x0000000084ba1cc8,0x0000000088780000)
 Metaspace       used 44649K, capacity 45752K, committed 45824K, reserved 1089536K
  class space    used 5302K, capacity 5609K, committed 5632K, reserved 1048576K
GC Heap History (10 events):
Event: 6.541 GC heap before
{Heap before GC invocations=7 (full 1):
 PSYoungGen      total 280064K, used 5334K [0x00000000d6500000, 0x00000000e8800000, 0x0000000100000000)
  eden space 262144K, 0% used [0x00000000d6500000,0x00000000d6500000,0x00000000e6500000)
  from space 17920K, 29% used [0x00000000e7680000,0x00000000e7bb5a08,0x00000000e8800000)
  to   space 17920K, 0% used [0x00000000e6500000,0x00000000e6500000,0x00000000e7680000)
 ParOldGen       total 86016K, used 23607K [0x0000000082e00000, 0x0000000088200000, 0x00000000d6500000)
  object space 86016K, 27% used [0x0000000082e00000,0x000000008450de18,0x0000000088200000)
 Metaspace       used 20519K, capacity 20990K, committed 21296K, reserved 1069056K
  class space    used 2490K, capacity 2663K, committed 2688K, reserved 1048576K
Event: 6.712 GC heap after
Heap after GC invocations=7 (full 1):
 PSYoungGen      total 280064K, used 0K [0x00000000d6500000, 0x00000000e8800000, 0x0000000100000000)
  eden space 262144K, 0% used [0x00000000d6500000,0x00000000d6500000,0x00000000e6500000)
  from space 17920K, 0% used [0x00000000e7680000,0x00000000e7680000,0x00000000e8800000)
  to   space 17920K, 0% used [0x00000000e6500000,0x00000000e6500000,0x00000000e7680000)
 ParOldGen       total 70656K, used 19625K [0x0000000082e00000, 0x0000000087300000, 0x00000000d6500000)
  object space 70656K, 27% used [0x0000000082e00000,0x000000008412a4c8,0x0000000087300000)
 Metaspace       used 20519K, capacity 20990K, committed 21296K, reserved 1069056K
  class space    used 2490K, capacity 2663K, committed 2688K, reserved 1048576K
}
Event: 10.825 GC heap before
{Heap before GC invocations=8 (full 1):
 PSYoungGen      total 280064K, used 262144K [0x00000000d6500000, 0x00000000e8800000, 0x0000000100000000)
  eden space 262144K, 100% used [0x00000000d6500000,0x00000000e6500000,0x00000000e6500000)
  from space 17920K, 0% used [0x00000000e7680000,0x00000000e7680000,0x00000000e8800000)
  to   space 17920K, 0% used [0x00000000e6500000,0x00000000e6500000,0x00000000e7680000)
 ParOldGen       total 70656K, used 19625K [0x0000000082e00000, 0x0000000087300000, 0x00000000d6500000)
  object space 70656K, 27% used [0x0000000082e00000,0x000000008412a4c8,0x0000000087300000)
 Metaspace       used 32550K, capacity 33228K, committed 33536K, reserved 1079296K
  class space    used 4044K, capacity 4295K, committed 4352K, reserved 1048576K
Event: 10.876 GC heap after
Heap after GC invocations=8 (full 1):
 PSYoungGen      total 280064K, used 17902K [0x00000000d6500000, 0x00000000f5980000, 0x0000000100000000)
  eden space 262144K, 0% used [0x00000000d6500000,0x00000000d6500000,0x00000000e6500000)
  from space 17920K, 99% used [0x00000000e6500000,0x00000000e767b958,0x00000000e7680000)
  to   space 23040K, 0% used [0x00000000f4300000,0x00000000f4300000,0x00000000f5980000)
 ParOldGen       total 70656K, used 24083K [0x0000000082e00000, 0x0000000087300000, 0x00000000d6500000)
  object space 70656K, 34% used [0x0000000082e00000,0x0000000084584c18,0x0000000087300000)
 Metaspace       used 32550K, capacity 33228K, committed 33536K, reserved 1079296K
  class space    used 4044K, capacity 4295K, committed 4352K, reserved 1048576K
}
Event: 11.225 GC heap before
{Heap before GC invocations=9 (full 1):
 PSYoungGen      total 280064K, used 38773K [0x00000000d6500000, 0x00000000f5980000, 0x0000000100000000)
  eden space 262144K, 7% used [0x00000000d6500000,0x00000000d7961c38,0x00000000e6500000)
  from space 17920K, 99% used [0x00000000e6500000,0x00000000e767b958,0x00000000e7680000)
  to   space 23040K, 0% used [0x00000000f4300000,0x00000000f4300000,0x00000000f5980000)
 ParOldGen       total 70656K, used 24083K [0x0000000082e00000, 0x0000000087300000, 0x00000000d6500000)
  object space 70656K, 34% used [0x0000000082e00000,0x0000000084584c18,0x0000000087300000)
 Metaspace       used 34424K, capacity 35076K, committed 35496K, reserved 1081344K
  class space    used 4265K, capacity 4523K, committed 4608K, reserved 1048576K
Event: 11.254 GC heap after
Heap after GC invocations=9 (full 1):
 PSYoungGen      total 485376K, used 14247K [0x00000000d6500000, 0x00000000f5780000, 0x0000000100000000)
  eden space 464384K, 0% used [0x00000000d6500000,0x00000000d6500000,0x00000000f2a80000)
  from space 20992K, 67% used [0x00000000f4300000,0x00000000f50e9f78,0x00000000f5780000)
  to   space 23040K, 0% used [0x00000000f2a80000,0x00000000f2a80000,0x00000000f4100000)
 ParOldGen       total 70656K, used 24091K [0x0000000082e00000, 0x0000000087300000, 0x00000000d6500000)
  object space 70656K, 34% used [0x0000000082e00000,0x0000000084586c18,0x0000000087300000)
 Metaspace       used 34424K, capacity 35076K, committed 35496K, reserved 1081344K
  class space    used 4265K, capacity 4523K, committed 4608K, reserved 1048576K
}
Event: 11.254 GC heap before
{Heap before GC invocations=10 (full 2):
 PSYoungGen      total 485376K, used 14247K [0x00000000d6500000, 0x00000000f5780000, 0x0000000100000000)
  eden space 464384K, 0% used [0x00000000d6500000,0x00000000d6500000,0x00000000f2a80000)
  from space 20992K, 67% used [0x00000000f4300000,0x00000000f50e9f78,0x00000000f5780000)
  to   space 23040K, 0% used [0x00000000f2a80000,0x00000000f2a80000,0x00000000f4100000)
 ParOldGen       total 70656K, used 24091K [0x0000000082e00000, 0x0000000087300000, 0x00000000d6500000)
  object space 70656K, 34% used [0x0000000082e00000,0x0000000084586c18,0x0000000087300000)
 Metaspace       used 34424K, capacity 35076K, committed 35496K, reserved 1081344K
  class space    used 4265K, capacity 4523K, committed 4608K, reserved 1048576K
Event: 11.457 GC heap after
Heap after GC invocations=10 (full 2):
 PSYoungGen      total 485376K, used 0K [0x00000000d6500000, 0x00000000f5780000, 0x0000000100000000)
  eden space 464384K, 0% used [0x00000000d6500000,0x00000000d6500000,0x00000000f2a80000)
  from space 20992K, 0% used [0x00000000f4300000,0x00000000f4300000,0x00000000f5780000)
  to   space 23040K, 0% used [0x00000000f2a80000,0x00000000f2a80000,0x00000000f4100000)
 ParOldGen       total 91648K, used 30335K [0x0000000082e00000, 0x0000000088780000, 0x00000000d6500000)
  object space 91648K, 33% used [0x0000000082e00000,0x0000000084b9fcc8,0x0000000088780000)
 Metaspace       used 34424K, capacity 35076K, committed 35496K, reserved 1081344K
  class space    used 4265K, capacity 4523K, committed 4608K, reserved 1048576K
}
Event: 16.547 GC heap before
{Heap before GC invocations=11 (full 2):
 PSYoungGen      total 485376K, used 464384K [0x00000000d6500000, 0x00000000f5780000, 0x0000000100000000)
  eden space 464384K, 100% used [0x00000000d6500000,0x00000000f2a80000,0x00000000f2a80000)
  from space 20992K, 0% used [0x00000000f4300000,0x00000000f4300000,0x00000000f5780000)
  to   space 23040K, 0% used [0x00000000f2a80000,0x00000000f2a80000,0x00000000f4100000)
 ParOldGen       total 91648K, used 30335K [0x0000000082e00000, 0x0000000088780000, 0x00000000d6500000)
  object space 91648K, 33% used [0x0000000082e00000,0x0000000084b9fcc8,0x0000000088780000)
 Metaspace       used 36119K, capacity 37020K, committed 37288K, reserved 1081344K
  class space    used 4347K, capacity 4607K, committed 4608K, reserved 1048576K
Event: 16.572 GC heap after
Heap after GC invocations=11 (full 2):
 PSYoungGen      total 487424K, used 6806K [0x00000000d6500000, 0x0000000100000000, 0x0000000100000000)
  eden space 464384K, 0% used [0x00000000d6500000,0x00000000d6500000,0x00000000f2a80000)
  from space 23040K, 29% used [0x00000000f2a80000,0x00000000f31258a0,0x00000000f4100000)
  to   space 23040K, 0% used [0x00000000fe980000,0x00000000fe980000,0x0000000100000000)
 ParOldGen       total 91648K, used 30343K [0x0000000082e00000, 0x0000000088780000, 0x00000000d6500000)
  object space 91648K, 33% used [0x0000000082e00000,0x0000000084ba1cc8,0x0000000088780000)
 Metaspace       used 36119K, capacity 37020K, committed 37288K, reserved 1081344K
  class space    used 4347K, capacity 4607K, committed 4608K, reserved 1048576K
}

