# JRE version: Java(TM) SE Runtime Environment (8.0_25-b17) (build 1.8.0_25-b17)
# Java VM: Java HotSpot(TM) 64-Bit Server VM (25.25-b02 mixed mode linux-amd64 compressed oops)
Heap:
 PSYoungGen      total 455680K, used 200410K [0x00000000d6500000, 0x0000000100000000, 0x0000000100000000)
  eden space 228352K, 32% used [0x00000000d6500000,0x00000000dae96990,0x00000000e4400000)
  from space 227328K, 55% used [0x00000000f2200000,0x00000000f9c20010,0x0000000100000000)
  to   space 227328K, 0% used [0x00000000e4400000,0x00000000e4400000,0x00000000f2200000)
 ParOldGen       total 1150464K, used 941142K [0x0000000082e00000, 0x00000000c9180000, 0x00000000d6500000)
  object space 1150464K, 81% used [0x0000000082e00000,0x00000000bc5159f8,0x00000000c9180000)
 Metaspace       used 5091K, capacity 5168K, committed 5248K, reserved 1056768K
  class space    used 543K, capacity 592K, committed 640K, reserved 1048576K
GC Heap History (10 events):
Event: 9.365 GC heap before
{Heap before GC invocations=15 (full 4):
 PSYoungGen      total 366592K, used 241450K [0x00000000d6500000, 0x00000000fbe80000, 0x0000000100000000)
  eden space 148480K, 100% used [0x00000000d6500000,0x00000000df600000,0x00000000df600000)
  from space 218112K, 42% used [0x00000000ed400000,0x00000000f2eca958,0x00000000fa900000)
  to   space 227328K, 0% used [0x00000000df600000,0x00000000df600000,0x00000000ed400000)
 ParOldGen       total 757248K, used 520074K [0x0000000082e00000, 0x00000000b1180000, 0x00000000d6500000)
  object space 757248K, 68% used [0x0000000082e00000,0x00000000a29e2818,0x00000000b1180000)
 Metaspace       used 4784K, capacity 4992K, committed 5248K, reserved 1056768K
  class space    used 523K, capacity 560K, committed 640K, reserved 1048576K
Event: 9.855 GC heap after
Heap after GC invocations=15 (full 4):
 PSYoungGen      total 375808K, used 101664K [0x00000000d6500000, 0x00000000fce80000, 0x0000000100000000)
  eden space 148480K, 0% used [0x00000000d6500000,0x00000000d6500000,0x00000000df600000)
  from space 227328K, 44% used [0x00000000df600000,0x00000000e5948000,0x00000000ed400000)
  to   space 222720K, 0% used [0x00000000ef500000,0x00000000ef500000,0x00000000fce80000)
 ParOldGen       total 757248K, used 613802K [0x0000000082e00000, 0x00000000b1180000, 0x00000000d6500000)
  object space 757248K, 81% used [0x0000000082e00000,0x00000000a856a8a8,0x00000000b1180000)
 Metaspace       used 4784K, capacity 4992K, committed 5248K, reserved 1056768K
  class space    used 523K, capacity 560K, committed 640K, reserved 1048576K
}
Event: 10.083 GC heap before
{Heap before GC invocations=16 (full 4):
 PSYoungGen      total 375808K, used 250144K [0x00000000d6500000, 0x00000000fce80000, 0x0000000100000000)
  eden space 148480K, 100% used [0x00000000d6500000,0x00000000df600000,0x00000000df600000)
  from space 227328K, 44% used [0x00000000df600000,0x00000000e5948000,0x00000000ed400000)
  to   space 222720K, 0% used [0x00000000ef500000,0x00000000ef500000,0x00000000fce80000)
 ParOldGen       total 757248K, used 613802K [0x0000000082e00000, 0x00000000b1180000, 0x00000000d6500000)
  object space 757248K, 81% used [0x0000000082e00000,0x00000000a856a8a8,0x00000000b1180000)
 Metaspace       used 4784K, capacity 4992K, committed 5248K, reserved 1056768K
  class space    used 523K, capacity 560K, committed 640K, reserved 1048576K
Event: 10.380 GC heap after
Heap after GC invocations=16 (full 4):
 PSYoungGen      total 404992K, used 203456K [0x00000000d6500000, 0x00000000fda00000, 0x0000000100000000)
  eden space 182272K, 0% used [0x00000000d6500000,0x00000000d6500000,0x00000000e1700000)
  from space 222720K, 91% used [0x00000000ef500000,0x00000000fbbb0368,0x00000000fce80000)
  to   space 227328K, 0% used [0x00000000e1700000,0x00000000e1700000,0x00000000ef500000)
 ParOldGen       total 757248K, used 613802K [0x0000000082e00000, 0x00000000b1180000, 0x00000000d6500000)
  object space 757248K, 81% used [0x0000000082e00000,0x00000000a856a8a8,0x00000000b1180000)
 Metaspace       used 4784K, capacity 4992K, committed 5248K, reserved 1056768K
  class space    used 523K, capacity 560K, committed 640K, reserved 1048576K
}
Event: 10.642 GC heap before
{Heap before GC invocations=17 (full 4):
 PSYoungGen      total 404992K, used 385728K [0x00000000d6500000, 0x00000000fda00000, 0x0000000100000000)
  eden space 182272K, 100% used [0x00000000d6500000,0x00000000e1700000,0x00000000e1700000)
  from space 222720K, 91% used [0x00000000ef500000,0x00000000fbbb0368,0x00000000fce80000)
  to   space 227328K, 0% used [0x00000000e1700000,0x00000000e1700000,0x00000000ef500000)
 ParOldGen       total 757248K, used 613802K [0x0000000082e00000, 0x00000000b1180000, 0x00000000d6500000)
  object space 757248K, 81% used [0x0000000082e00000,0x00000000a856a8a8,0x00000000b1180000)
 Metaspace       used 4784K, capacity 4992K, committed 5248K, reserved 1056768K
  class space    used 523K, capacity 560K, committed 640K, reserved 1048576K
Event: 11.333 GC heap after
Heap after GC invocations=17 (full 4):
 PSYoungGen      total 409600K, used 124832K [0x00000000d6500000, 0x0000000100000000, 0x0000000100000000)
  eden space 182272K, 0% used [0x00000000d6500000,0x00000000d6500000,0x00000000e1700000)
  from space 227328K, 54% used [0x00000000e1700000,0x00000000e90e8000,0x00000000ef500000)
  to   space 227328K, 0% used [0x00000000f2200000,0x00000000f2200000,0x0000000100000000)
 ParOldGen       total 818688K, used 818406K [0x0000000082e00000, 0x00000000b4d80000, 0x00000000d6500000)
  object space 818688K, 99% used [0x0000000082e00000,0x00000000b4d39b38,0x00000000b4d80000)
 Metaspace       used 4784K, capacity 4992K, committed 5248K, reserved 1056768K
  class space    used 523K, capacity 560K, committed 640K, reserved 1048576K
}
Event: 11.333 GC heap before
{Heap before GC invocations=18 (full 5):
 PSYoungGen      total 409600K, used 124832K [0x00000000d6500000, 0x0000000100000000, 0x0000000100000000)
  eden space 182272K, 0% used [0x00000000d6500000,0x00000000d6500000,0x00000000e1700000)
  from space 227328K, 54% used [0x00000000e1700000,0x00000000e90e8000,0x00000000ef500000)
  to   space 227328K, 0% used [0x00000000f2200000,0x00000000f2200000,0x0000000100000000)
 ParOldGen       total 818688K, used 818406K [0x0000000082e00000, 0x00000000b4d80000, 0x00000000d6500000)
  object space 818688K, 99% used [0x0000000082e00000,0x00000000b4d39b38,0x00000000b4d80000)
 Metaspace       used 4784K, capacity 4992K, committed 5248K, reserved 1056768K
  class space    used 523K, capacity 560K, committed 640K, reserved 1048576K
Event: 14.347 GC heap after
Heap after GC invocations=18 (full 5):
 PSYoungGen      total 409600K, used 121924K [0x00000000d6500000, 0x0000000100000000, 0x0000000100000000)
  eden space 182272K, 0% used [0x00000000d6500000,0x00000000d6500000,0x00000000e1700000)
  from space 227328K, 53% used [0x00000000e1700000,0x00000000e8e11328,0x00000000ef500000)
  to   space 227328K, 0% used [0x00000000f2200000,0x00000000f2200000,0x0000000100000000)
 ParOldGen       total 1150464K, used 818313K [0x0000000082e00000, 0x00000000c9180000, 0x00000000d6500000)
  object space 1150464K, 71% used [0x0000000082e00000,0x00000000b4d22548,0x00000000c9180000)
 Metaspace       used 4784K, capacity 4992K, committed 5248K, reserved 1056768K
  class space    used 523K, capacity 560K, committed 640K, reserved 1048576K
}
Event: 14.617 GC heap before
{Heap before GC invocations=19 (full 5):
 PSYoungGen      total 409600K, used 304196K [0x00000000d6500000, 0x0000000100000000, 0x0000000100000000)
  eden space 182272K, 100% used [0x00000000d6500000,0x00000000e1700000,0x00000000e1700000)
  from space 227328K, 53% used [0x00000000e1700000,0x00000000e8e11328,0x00000000ef500000)
  to   space 227328K, 0% used [0x00000000f2200000,0x00000000f2200000,0x0000000100000000)
 ParOldGen       total 1150464K, used 818313K [0x0000000082e00000, 0x00000000c9180000, 0x00000000d6500000)
  object space 1150464K, 71% used [0x0000000082e00000,0x00000000b4d22548,0x00000000c9180000)
 Metaspace       used 4784K, capacity 4992K, committed 5248K, reserved 1056768K
  class space    used 523K, capacity 560K, committed 640K, reserved 1048576K
Event: 15.338 GC heap after
Heap after GC invocations=19 (full 5):
 PSYoungGen      total 455680K, used 125056K [0x00000000d6500000, 0x0000000100000000, 0x0000000100000000)
  eden space 228352K, 0% used [0x00000000d6500000,0x00000000d6500000,0x00000000e4400000)
  from space 227328K, 55% used [0x00000000f2200000,0x00000000f9c20010,0x0000000100000000)
  to   space 227328K, 0% used [0x00000000e4400000,0x00000000e4400000,0x00000000f2200000)
 ParOldGen       total 1150464K, used 941142K [0x0000000082e00000, 0x00000000c9180000, 0x00000000d6500000)
  object space 1150464K, 81% used [0x0000000082e00000,0x00000000bc5159f8,0x00000000c9180000)
 Metaspace       used 4784K, capacity 4992K, committed 5248K, reserved 1056768K
  class space    used 523K, capacity 560K, committed 640K, reserved 1048576K
}

