# JRE version: Java(TM) SE Runtime Environment (8.0_25-b17) (build 1.8.0_25-b17)
# Java VM: Java HotSpot(TM) 64-Bit Server VM (25.25-b02 mixed mode linux-amd64 compressed oops)
Heap:
 PSYoungGen      total 666624K, used 143608K [0x00000000d6500000, 0x0000000100000000, 0x0000000100000000)
  eden space 651776K, 19% used [0x00000000d6500000,0x00000000de2bf428,0x00000000fe180000)
  from space 14848K, 99% used [0x00000000fe180000,0x00000000feffefd0,0x00000000ff000000)
  to   space 16384K, 0% used [0x00000000ff000000,0x00000000ff000000,0x0000000100000000)
 ParOldGen       total 86016K, used 55635K [0x0000000082e00000, 0x0000000088200000, 0x00000000d6500000)
  object space 86016K, 64% used [0x0000000082e00000,0x0000000086454d40,0x0000000088200000)
 Metaspace       used 14391K, capacity 14502K, committed 14720K, reserved 1062912K
  class space    used 1627K, capacity 1661K, committed 1664K, reserved 1048576K
GC Heap History (10 events):
Event: 3.123 GC heap before
{Heap before GC invocations=9 (full 0):
 PSYoungGen      total 538624K, used 531904K [0x00000000d6500000, 0x00000000f8300000, 0x0000000100000000)
  eden space 524288K, 100% used [0x00000000d6500000,0x00000000f6500000,0x00000000f6500000)
  from space 14336K, 53% used [0x00000000f7500000,0x00000000f7c70010,0x00000000f8300000)
  to   space 15360K, 0% used [0x00000000f6500000,0x00000000f6500000,0x00000000f7400000)
 ParOldGen       total 86016K, used 20293K [0x0000000082e00000, 0x0000000088200000, 0x00000000d6500000)
  object space 86016K, 23% used [0x0000000082e00000,0x00000000841d1588,0x0000000088200000)
 Metaspace       used 5109K, capacity 5232K, committed 5504K, reserved 1056768K
  class space    used 542K, capacity 592K, committed 640K, reserved 1048576K
Event: 3.154 GC heap after
Heap after GC invocations=9 (full 0):
 PSYoungGen      total 539648K, used 11136K [0x00000000d6500000, 0x0000000100000000, 0x0000000100000000)
  eden space 524288K, 0% used [0x00000000d6500000,0x00000000d6500000,0x00000000f6500000)
  from space 15360K, 72% used [0x00000000f6500000,0x00000000f6fe0010,0x00000000f7400000)
  to   space 15872K, 0% used [0x00000000ff080000,0x00000000ff080000,0x0000000100000000)
 ParOldGen       total 86016K, used 22261K [0x0000000082e00000, 0x0000000088200000, 0x00000000d6500000)
  object space 86016K, 25% used [0x0000000082e00000,0x00000000843bd588,0x0000000088200000)
 Metaspace       used 5109K, capacity 5232K, committed 5504K, reserved 1056768K
  class space    used 542K, capacity 592K, committed 640K, reserved 1048576K
}
Event: 3.762 GC heap before
{Heap before GC invocations=10 (full 0):
 PSYoungGen      total 539648K, used 535424K [0x00000000d6500000, 0x0000000100000000, 0x0000000100000000)
  eden space 524288K, 100% used [0x00000000d6500000,0x00000000f6500000,0x00000000f6500000)
  from space 15360K, 72% used [0x00000000f6500000,0x00000000f6fe0010,0x00000000f7400000)
  to   space 15872K, 0% used [0x00000000ff080000,0x00000000ff080000,0x0000000100000000)
 ParOldGen       total 86016K, used 22261K [0x0000000082e00000, 0x0000000088200000, 0x00000000d6500000)
  object space 86016K, 25% used [0x0000000082e00000,0x00000000843bd588,0x0000000088200000)
 Metaspace       used 5109K, capacity 5232K, committed 5504K, reserved 1056768K
  class space    used 542K, capacity 592K, committed 640K, reserved 1048576K
Event: 3.801 GC heap after
Heap after GC invocations=10 (full 0):
 PSYoungGen      total 667136K, used 10816K [0x00000000d6500000, 0x0000000100000000, 0x0000000100000000)
  eden space 651264K, 0% used [0x00000000d6500000,0x00000000d6500000,0x00000000fe100000)
  from space 15872K, 68% used [0x00000000ff080000,0x00000000ffb10010,0x0000000100000000)
  to   space 15872K, 0% used [0x00000000fe100000,0x00000000fe100000,0x00000000ff080000)
 ParOldGen       total 86016K, used 27781K [0x0000000082e00000, 0x0000000088200000, 0x00000000d6500000)
  object space 86016K, 32% used [0x0000000082e00000,0x0000000084921598,0x0000000088200000)
 Metaspace       used 5109K, capacity 5232K, committed 5504K, reserved 1056768K
  class space    used 542K, capacity 592K, committed 640K, reserved 1048576K
}
Event: 4.623 GC heap before
{Heap before GC invocations=11 (full 0):
 PSYoungGen      total 667136K, used 662080K [0x00000000d6500000, 0x0000000100000000, 0x0000000100000000)
  eden space 651264K, 100% used [0x00000000d6500000,0x00000000fe100000,0x00000000fe100000)
  from space 15872K, 68% used [0x00000000ff080000,0x00000000ffb10010,0x0000000100000000)
  to   space 15872K, 0% used [0x00000000fe100000,0x00000000fe100000,0x00000000ff080000)
 ParOldGen       total 86016K, used 27781K [0x0000000082e00000, 0x0000000088200000, 0x00000000d6500000)
  object space 86016K, 32% used [0x0000000082e00000,0x0000000084921598,0x0000000088200000)
 Metaspace       used 5115K, capacity 5232K, committed 5504K, reserved 1056768K
  class space    used 542K, capacity 592K, committed 640K, reserved 1048576K
Event: 4.674 GC heap after
Heap after GC invocations=11 (full 0):
 PSYoungGen      total 658432K, used 7136K [0x00000000d6500000, 0x00000000fff00000, 0x0000000100000000)
  eden space 651264K, 0% used [0x00000000d6500000,0x00000000d6500000,0x00000000fe100000)
  from space 7168K, 99% used [0x00000000fe100000,0x00000000fe7f8010,0x00000000fe800000)
  to   space 15360K, 0% used [0x00000000ff000000,0x00000000ff000000,0x00000000fff00000)
 ParOldGen       total 86016K, used 38317K [0x0000000082e00000, 0x0000000088200000, 0x00000000d6500000)
  object space 86016K, 44% used [0x0000000082e00000,0x000000008536b5d8,0x0000000088200000)
 Metaspace       used 5115K, capacity 5232K, committed 5504K, reserved 1056768K
  class space    used 542K, capacity 592K, committed 640K, reserved 1048576K
}
Event: 5.538 GC heap before
{Heap before GC invocations=12 (full 0):
 PSYoungGen      total 658432K, used 658400K [0x00000000d6500000, 0x00000000fff00000, 0x0000000100000000)
  eden space 651264K, 100% used [0x00000000d6500000,0x00000000fe100000,0x00000000fe100000)
  from space 7168K, 99% used [0x00000000fe100000,0x00000000fe7f8010,0x00000000fe800000)
  to   space 15360K, 0% used [0x00000000ff000000,0x00000000ff000000,0x00000000fff00000)
 ParOldGen       total 86016K, used 38317K [0x0000000082e00000, 0x0000000088200000, 0x00000000d6500000)
  object space 86016K, 44% used [0x0000000082e00000,0x000000008536b5d8,0x0000000088200000)
 Metaspace       used 5236K, capacity 5360K, committed 5504K, reserved 1056768K
  class space    used 554K, capacity 592K, committed 640K, reserved 1048576K
Event: 5.597 GC heap after
Heap after GC invocations=12 (full 0):
 PSYoungGen      total 667136K, used 7218K [0x00000000d6500000, 0x0000000100000000, 0x0000000100000000)
  eden space 651776K, 0% used [0x00000000d6500000,0x00000000d6500000,0x00000000fe180000)
  from space 15360K, 46% used [0x00000000ff000000,0x00000000ff70c9a8,0x00000000fff00000)
  to   space 14848K, 0% used [0x00000000fe180000,0x00000000fe180000,0x00000000ff000000)
 ParOldGen       total 86016K, used 45429K [0x0000000082e00000, 0x0000000088200000, 0x00000000d6500000)
  object space 86016K, 52% used [0x0000000082e00000,0x0000000085a5d608,0x0000000088200000)
 Metaspace       used 5236K, capacity 5360K, committed 5504K, reserved 1056768K
  class space    used 554K, capacity 592K, committed 640K, reserved 1048576K
}
Event: 7.794 GC heap before
{Heap before GC invocations=13 (full 0):
 PSYoungGen      total 667136K, used 658994K [0x00000000d6500000, 0x0000000100000000, 0x0000000100000000)
  eden space 651776K, 100% used [0x00000000d6500000,0x00000000fe180000,0x00000000fe180000)
  from space 15360K, 46% used [0x00000000ff000000,0x00000000ff70c9a8,0x00000000fff00000)
  to   space 14848K, 0% used [0x00000000fe180000,0x00000000fe180000,0x00000000ff000000)
 ParOldGen       total 86016K, used 45429K [0x0000000082e00000, 0x0000000088200000, 0x00000000d6500000)
  object space 86016K, 52% used [0x0000000082e00000,0x0000000085a5d608,0x0000000088200000)
 Metaspace       used 9765K, capacity 9820K, committed 9856K, reserved 1058816K
  class space    used 1112K, capacity 1138K, committed 1152K, reserved 1048576K
Event: 7.840 GC heap after
Heap after GC invocations=13 (full 0):
 PSYoungGen      total 666624K, used 14843K [0x00000000d6500000, 0x0000000100000000, 0x0000000100000000)
  eden space 651776K, 0% used [0x00000000d6500000,0x00000000d6500000,0x00000000fe180000)
  from space 14848K, 99% used [0x00000000fe180000,0x00000000feffefd0,0x00000000ff000000)
  to   space 16384K, 0% used [0x00000000ff000000,0x00000000ff000000,0x0000000100000000)
 ParOldGen       total 86016K, used 55635K [0x0000000082e00000, 0x0000000088200000, 0x00000000d6500000)
  object space 86016K, 64% used [0x0000000082e00000,0x0000000086454d40,0x0000000088200000)
 Metaspace       used 9765K, capacity 9820K, committed 9856K, reserved 1058816K
  class space    used 1112K, capacity 1138K, committed 1152K, reserved 1048576K
}

