# JRE version: Java(TM) SE Runtime Environment (8.0_25-b17) (build 1.8.0_25-b17)
# Java VM: Java HotSpot(TM) 64-Bit Server VM (25.25-b02 mixed mode linux-amd64 compressed oops)
Heap:
 PSYoungGen      total 136192K, used 69563K [0x00000000f5580000, 0x00000000fdf80000, 0x0000000100000000)
  eden space 131072K, 49% used [0x00000000f5580000,0x00000000f9476d90,0x00000000fd580000)
  from space 5120K, 99% used [0x00000000fda80000,0x00000000fdf78010,0x00000000fdf80000)
  to   space 5120K, 0% used [0x00000000fd580000,0x00000000fd580000,0x00000000fda80000)
 ParOldGen       total 86016K, used 12915K [0x00000000e0000000, 0x00000000e5400000, 0x00000000f5580000)
  object space 86016K, 15% used [0x00000000e0000000,0x00000000e0c9cc88,0x00000000e5400000)
 Metaspace       used 14073K, capacity 14140K, committed 14464K, reserved 1062912K
  class space    used 1780K, capacity 1813K, committed 1920K, reserved 1048576K
GC Heap History (8 events):
Event: 0.945 GC heap before
{Heap before GC invocations=1 (full 0):
 PSYoungGen      total 37888K, used 32768K [0x00000000f5580000, 0x00000000f7f80000, 0x0000000100000000)
  eden space 32768K, 100% used [0x00000000f5580000,0x00000000f7580000,0x00000000f7580000)
  from space 5120K, 0% used [0x00000000f7a80000,0x00000000f7a80000,0x00000000f7f80000)
  to   space 5120K, 0% used [0x00000000f7580000,0x00000000f7580000,0x00000000f7a80000)
 ParOldGen       total 86016K, used 0K [0x00000000e0000000, 0x00000000e5400000, 0x00000000f5580000)
  object space 86016K, 0% used [0x00000000e0000000,0x00000000e0000000,0x00000000e5400000)
 Metaspace       used 7757K, capacity 7850K, committed 7936K, reserved 1056768K
  class space    used 932K, capacity 977K, committed 1024K, reserved 1048576K
Event: 0.959 GC heap after
Heap after GC invocations=1 (full 0):
 PSYoungGen      total 37888K, used 5097K [0x00000000f5580000, 0x00000000f9f80000, 0x0000000100000000)
  eden space 32768K, 0% used [0x00000000f5580000,0x00000000f5580000,0x00000000f7580000)
  from space 5120K, 99% used [0x00000000f7580000,0x00000000f7a7a448,0x00000000f7a80000)
  to   space 5120K, 0% used [0x00000000f9a80000,0x00000000f9a80000,0x00000000f9f80000)
 ParOldGen       total 86016K, used 548K [0x00000000e0000000, 0x00000000e5400000, 0x00000000f5580000)
  object space 86016K, 0% used [0x00000000e0000000,0x00000000e0089020,0x00000000e5400000)
 Metaspace       used 7757K, capacity 7850K, committed 7936K, reserved 1056768K
  class space    used 932K, capacity 977K, committed 1024K, reserved 1048576K
}
Event: 1.403 GC heap before
{Heap before GC invocations=2 (full 0):
 PSYoungGen      total 37888K, used 37865K [0x00000000f5580000, 0x00000000f9f80000, 0x0000000100000000)
  eden space 32768K, 100% used [0x00000000f5580000,0x00000000f7580000,0x00000000f7580000)
  from space 5120K, 99% used [0x00000000f7580000,0x00000000f7a7a448,0x00000000f7a80000)
  to   space 5120K, 0% used [0x00000000f9a80000,0x00000000f9a80000,0x00000000f9f80000)
 ParOldGen       total 86016K, used 548K [0x00000000e0000000, 0x00000000e5400000, 0x00000000f5580000)
  object space 86016K, 0% used [0x00000000e0000000,0x00000000e0089020,0x00000000e5400000)
 Metaspace       used 8761K, capacity 8874K, committed 9216K, reserved 1056768K
  class space    used 1140K, capacity 1169K, committed 1280K, reserved 1048576K
Event: 1.415 GC heap after
Heap after GC invocations=2 (full 0):
 PSYoungGen      total 70656K, used 4270K [0x00000000f5580000, 0x00000000f9f80000, 0x0000000100000000)
  eden space 65536K, 0% used [0x00000000f5580000,0x00000000f5580000,0x00000000f9580000)
  from space 5120K, 83% used [0x00000000f9a80000,0x00000000f9eabb88,0x00000000f9f80000)
  to   space 5120K, 0% used [0x00000000f9580000,0x00000000f9580000,0x00000000f9a80000)
 ParOldGen       total 86016K, used 548K [0x00000000e0000000, 0x00000000e5400000, 0x00000000f5580000)
  object space 86016K, 0% used [0x00000000e0000000,0x00000000e0089020,0x00000000e5400000)
 Metaspace       used 8761K, capacity 8874K, committed 9216K, reserved 1056768K
  class space    used 1140K, capacity 1169K, committed 1280K, reserved 1048576K
}
Event: 2.037 GC heap before
{Heap before GC invocations=3 (full 0):
 PSYoungGen      total 70656K, used 69806K [0x00000000f5580000, 0x00000000f9f80000, 0x0000000100000000)
  eden space 65536K, 100% used [0x00000000f5580000,0x00000000f9580000,0x00000000f9580000)
  from space 5120K, 83% used [0x00000000f9a80000,0x00000000f9eabb88,0x00000000f9f80000)
  to   space 5120K, 0% used [0x00000000f9580000,0x00000000f9580000,0x00000000f9a80000)
 ParOldGen       total 86016K, used 548K [0x00000000e0000000, 0x00000000e5400000, 0x00000000f5580000)
  object space 86016K, 0% used [0x00000000e0000000,0x00000000e0089020,0x00000000e5400000)
 Metaspace       used 11595K, capacity 11690K, committed 11904K, reserved 1058816K
  class space    used 1534K, capacity 1553K, committed 1664K, reserved 1048576K
Event: 2.065 GC heap after
Heap after GC invocations=3 (full 0):
 PSYoungGen      total 70656K, used 5104K [0x00000000f5580000, 0x00000000fdf80000, 0x0000000100000000)
  eden space 65536K, 0% used [0x00000000f5580000,0x00000000f5580000,0x00000000f9580000)
  from space 5120K, 99% used [0x00000000f9580000,0x00000000f9a7c040,0x00000000f9a80000)
  to   space 5120K, 0% used [0x00000000fda80000,0x00000000fda80000,0x00000000fdf80000)
 ParOldGen       total 86016K, used 3800K [0x00000000e0000000, 0x00000000e5400000, 0x00000000f5580000)
  object space 86016K, 4% used [0x00000000e0000000,0x00000000e03b6008,0x00000000e5400000)
 Metaspace       used 11595K, capacity 11690K, committed 11904K, reserved 1058816K
  class space    used 1534K, capacity 1553K, committed 1664K, reserved 1048576K
}
Event: 2.765 GC heap before
{Heap before GC invocations=4 (full 0):
 PSYoungGen      total 70656K, used 70640K [0x00000000f5580000, 0x00000000fdf80000, 0x0000000100000000)
  eden space 65536K, 100% used [0x00000000f5580000,0x00000000f9580000,0x00000000f9580000)
  from space 5120K, 99% used [0x00000000f9580000,0x00000000f9a7c040,0x00000000f9a80000)
  to   space 5120K, 0% used [0x00000000fda80000,0x00000000fda80000,0x00000000fdf80000)
 ParOldGen       total 86016K, used 3800K [0x00000000e0000000, 0x00000000e5400000, 0x00000000f5580000)
  object space 86016K, 4% used [0x00000000e0000000,0x00000000e03b6008,0x00000000e5400000)
 Metaspace       used 12359K, capacity 12502K, committed 12672K, reserved 1060864K
  class space    used 1606K, capacity 1651K, committed 1664K, reserved 1048576K
Event: 2.812 GC heap after
Heap after GC invocations=4 (full 0):
 PSYoungGen      total 136192K, used 5088K [0x00000000f5580000, 0x00000000fdf80000, 0x0000000100000000)
  eden space 131072K, 0% used [0x00000000f5580000,0x00000000f5580000,0x00000000fd580000)
  from space 5120K, 99% used [0x00000000fda80000,0x00000000fdf78010,0x00000000fdf80000)
  to   space 5120K, 0% used [0x00000000fd580000,0x00000000fd580000,0x00000000fda80000)
 ParOldGen       total 86016K, used 12915K [0x00000000e0000000, 0x00000000e5400000, 0x00000000f5580000)
  object space 86016K, 15% used [0x00000000e0000000,0x00000000e0c9cc88,0x00000000e5400000)
 Metaspace       used 12359K, capacity 12502K, committed 12672K, reserved 1060864K
  class space    used 1606K, capacity 1651K, committed 1664K, reserved 1048576K
}

