# JRE version: Java(TM) SE Runtime Environment (8.0_25-b17) (build 1.8.0_25-b17)
# Java VM: Java HotSpot(TM) 64-Bit Server VM (25.25-b02 mixed mode linux-amd64 compressed oops)
Heap:
 PSYoungGen      total 418816K, used 273909K [0x00000000d6500000, 0x00000000ffc00000, 0x0000000100000000)
  eden space 270336K, 46% used [0x00000000d6500000,0x00000000ddf8f5d8,0x00000000e6d00000)
  from space 148480K, 99% used [0x00000000e6d00000,0x00000000efdee090,0x00000000efe00000)
  to   space 203264K, 0% used [0x00000000f3580000,0x00000000f3580000,0x00000000ffc00000)
 ParOldGen       total 932352K, used 728740K [0x0000000082e00000, 0x00000000bbc80000, 0x00000000d6500000)
  object space 932352K, 78% used [0x0000000082e00000,0x00000000af5a92e8,0x00000000bbc80000)
 Metaspace       used 12188K, capacity 12328K, committed 12544K, reserved 1060864K
  class space    used 1394K, capacity 1432K, committed 1536K, reserved 1048576K
GC Heap History (10 events):
Event: 51.559 GC heap before
{Heap before GC invocations=58 (full 4):
 PSYoungGen      total 456704K, used 456496K [0x00000000d6500000, 0x0000000100000000, 0x0000000100000000)
  eden space 286720K, 100% used [0x00000000d6500000,0x00000000e7d00000,0x00000000e7d00000)
  from space 169984K, 99% used [0x00000000e7d00000,0x00000000f22cc058,0x00000000f2300000)
  to   space 199680K, 0% used [0x00000000f3d00000,0x00000000f3d00000,0x0000000100000000)
 ParOldGen       total 720384K, used 680193K [0x0000000082e00000, 0x00000000aed80000, 0x00000000d6500000)
  object space 720384K, 94% used [0x0000000082e00000,0x00000000ac6407f0,0x00000000aed80000)
 Metaspace       used 5262K, capacity 5424K, committed 5504K, reserved 1056768K
  class space    used 555K, capacity 592K, committed 640K, reserved 1048576K
Event: 51.762 GC heap after
Heap after GC invocations=58 (full 4):
 PSYoungGen      total 478208K, used 172060K [0x00000000d6500000, 0x0000000100000000, 0x0000000100000000)
  eden space 278528K, 0% used [0x00000000d6500000,0x00000000d6500000,0x00000000e7500000)
  from space 199680K, 86% used [0x00000000f3d00000,0x00000000fe5071c0,0x0000000100000000)
  to   space 202240K, 0% used [0x00000000e7500000,0x00000000e7500000,0x00000000f3a80000)
 ParOldGen       total 720384K, used 689296K [0x0000000082e00000, 0x00000000aed80000, 0x00000000d6500000)
  object space 720384K, 95% used [0x0000000082e00000,0x00000000acf242d0,0x00000000aed80000)
 Metaspace       used 5262K, capacity 5424K, committed 5504K, reserved 1056768K
  class space    used 555K, capacity 592K, committed 640K, reserved 1048576K
}
Event: 52.756 GC heap before
{Heap before GC invocations=59 (full 4):
 PSYoungGen      total 478208K, used 450588K [0x00000000d6500000, 0x0000000100000000, 0x0000000100000000)
  eden space 278528K, 100% used [0x00000000d6500000,0x00000000e7500000,0x00000000e7500000)
  from space 199680K, 86% used [0x00000000f3d00000,0x00000000fe5071c0,0x0000000100000000)
  to   space 202240K, 0% used [0x00000000e7500000,0x00000000e7500000,0x00000000f3a80000)
 ParOldGen       total 720384K, used 689296K [0x0000000082e00000, 0x00000000aed80000, 0x00000000d6500000)
  object space 720384K, 95% used [0x0000000082e00000,0x00000000acf242d0,0x00000000aed80000)
 Metaspace       used 5262K, capacity 5424K, committed 5504K, reserved 1056768K
  class space    used 555K, capacity 592K, committed 640K, reserved 1048576K
Event: 52.935 GC heap after
Heap after GC invocations=59 (full 4):
 PSYoungGen      total 453120K, used 174149K [0x00000000d6500000, 0x0000000100000000, 0x0000000100000000)
  eden space 278528K, 0% used [0x00000000d6500000,0x00000000d6500000,0x00000000e7500000)
  from space 174592K, 99% used [0x00000000e7500000,0x00000000f1f11568,0x00000000f1f80000)
  to   space 204288K, 0% used [0x00000000f3880000,0x00000000f3880000,0x0000000100000000)
 ParOldGen       total 720384K, used 698612K [0x0000000082e00000, 0x00000000aed80000, 0x00000000d6500000)
  object space 720384K, 96% used [0x0000000082e00000,0x00000000ad83d000,0x00000000aed80000)
 Metaspace       used 5262K, capacity 5424K, committed 5504K, reserved 1056768K
  class space    used 555K, capacity 592K, committed 640K, reserved 1048576K
}
Event: 53.900 GC heap before
{Heap before GC invocations=60 (full 4):
 PSYoungGen      total 453120K, used 452677K [0x00000000d6500000, 0x0000000100000000, 0x0000000100000000)
  eden space 278528K, 100% used [0x00000000d6500000,0x00000000e7500000,0x00000000e7500000)
  from space 174592K, 99% used [0x00000000e7500000,0x00000000f1f11568,0x00000000f1f80000)
  to   space 204288K, 0% used [0x00000000f3880000,0x00000000f3880000,0x0000000100000000)
 ParOldGen       total 720384K, used 698612K [0x0000000082e00000, 0x00000000aed80000, 0x00000000d6500000)
  object space 720384K, 96% used [0x0000000082e00000,0x00000000ad83d000,0x00000000aed80000)
 Metaspace       used 5262K, capacity 5424K, committed 5504K, reserved 1056768K
  class space    used 555K, capacity 592K, committed 640K, reserved 1048576K
Event: 54.082 GC heap after
Heap after GC invocations=60 (full 4):
 PSYoungGen      total 474624K, used 175471K [0x00000000d6500000, 0x0000000100000000, 0x0000000100000000)
  eden space 270336K, 0% used [0x00000000d6500000,0x00000000d6500000,0x00000000e6d00000)
  from space 204288K, 85% used [0x00000000f3880000,0x00000000fe3dbfa0,0x0000000100000000)
  to   space 206336K, 0% used [0x00000000e6d00000,0x00000000e6d00000,0x00000000f3680000)
 ParOldGen       total 720384K, used 708434K [0x0000000082e00000, 0x00000000aed80000, 0x00000000d6500000)
  object space 720384K, 98% used [0x0000000082e00000,0x00000000ae1d4b20,0x00000000aed80000)
 Metaspace       used 5262K, capacity 5424K, committed 5504K, reserved 1056768K
  class space    used 555K, capacity 592K, committed 640K, reserved 1048576K
}
Event: 54.082 GC heap before
{Heap before GC invocations=61 (full 5):
 PSYoungGen      total 474624K, used 175471K [0x00000000d6500000, 0x0000000100000000, 0x0000000100000000)
  eden space 270336K, 0% used [0x00000000d6500000,0x00000000d6500000,0x00000000e6d00000)
  from space 204288K, 85% used [0x00000000f3880000,0x00000000fe3dbfa0,0x0000000100000000)
  to   space 206336K, 0% used [0x00000000e6d00000,0x00000000e6d00000,0x00000000f3680000)
 ParOldGen       total 720384K, used 708434K [0x0000000082e00000, 0x00000000aed80000, 0x00000000d6500000)
  object space 720384K, 98% used [0x0000000082e00000,0x00000000ae1d4b20,0x00000000aed80000)
 Metaspace       used 5262K, capacity 5424K, committed 5504K, reserved 1056768K
  class space    used 555K, capacity 592K, committed 640K, reserved 1048576K
Event: 55.463 GC heap after
Heap after GC invocations=61 (full 5):
 PSYoungGen      total 474624K, used 138053K [0x00000000d6500000, 0x0000000100000000, 0x0000000100000000)
  eden space 270336K, 0% used [0x00000000d6500000,0x00000000d6500000,0x00000000e6d00000)
  from space 204288K, 67% used [0x00000000f3880000,0x00000000fbf51798,0x0000000100000000)
  to   space 206336K, 0% used [0x00000000e6d00000,0x00000000e6d00000,0x00000000f3680000)
 ParOldGen       total 932352K, used 720160K [0x0000000082e00000, 0x00000000bbc80000, 0x00000000d6500000)
  object space 932352K, 77% used [0x0000000082e00000,0x00000000aed483d0,0x00000000bbc80000)
 Metaspace       used 5262K, capacity 5424K, committed 5504K, reserved 1056768K
  class space    used 555K, capacity 592K, committed 640K, reserved 1048576K
}
Event: 56.240 GC heap before
{Heap before GC invocations=62 (full 5):
 PSYoungGen      total 474624K, used 408389K [0x00000000d6500000, 0x0000000100000000, 0x0000000100000000)
  eden space 270336K, 100% used [0x00000000d6500000,0x00000000e6d00000,0x00000000e6d00000)
  from space 204288K, 67% used [0x00000000f3880000,0x00000000fbf51798,0x0000000100000000)
  to   space 206336K, 0% used [0x00000000e6d00000,0x00000000e6d00000,0x00000000f3680000)
 ParOldGen       total 932352K, used 720160K [0x0000000082e00000, 0x00000000bbc80000, 0x00000000d6500000)
  object space 932352K, 77% used [0x0000000082e00000,0x00000000aed483d0,0x00000000bbc80000)
 Metaspace       used 5265K, capacity 5424K, committed 5504K, reserved 1056768K
  class space    used 555K, capacity 592K, committed 640K, reserved 1048576K
Event: 56.503 GC heap after
Heap after GC invocations=62 (full 5):
 PSYoungGen      total 418816K, used 148408K [0x00000000d6500000, 0x00000000ffc00000, 0x0000000100000000)
  eden space 270336K, 0% used [0x00000000d6500000,0x00000000d6500000,0x00000000e6d00000)
  from space 148480K, 99% used [0x00000000e6d00000,0x00000000efdee090,0x00000000efe00000)
  to   space 203264K, 0% used [0x00000000f3580000,0x00000000f3580000,0x00000000ffc00000)
 ParOldGen       total 932352K, used 728740K [0x0000000082e00000, 0x00000000bbc80000, 0x00000000d6500000)
  object space 932352K, 78% used [0x0000000082e00000,0x00000000af5a92e8,0x00000000bbc80000)
 Metaspace       used 5265K, capacity 5424K, committed 5504K, reserved 1056768K
  class space    used 555K, capacity 592K, committed 640K, reserved 1048576K
}

