# JRE version: Java(TM) SE Runtime Environment (8.0_25-b17) (build 1.8.0_25-b17)
# Java VM: Java HotSpot(TM) 64-Bit Server VM (25.25-b02 mixed mode linux-amd64 compressed oops)
Heap:
 PSYoungGen      total 625664K, used 258305K [0x00000000d6500000, 0x0000000100000000, 0x0000000100000000)
  eden space 609280K, 40% used [0x00000000d6500000,0x00000000e54c5df8,0x00000000fb800000)
  from space 16384K, 77% used [0x00000000ff000000,0x00000000ffc7a668,0x0000000100000000)
  to   space 36864K, 0% used [0x00000000fb800000,0x00000000fb800000,0x00000000fdc00000)
 ParOldGen       total 162304K, used 95933K [0x0000000082e00000, 0x000000008cc80000, 0x00000000d6500000)
  object space 162304K, 59% used [0x0000000082e00000,0x0000000088baf570,0x000000008cc80000)
 Metaspace       used 14696K, capacity 14788K, committed 15104K, reserved 1062912K
  class space    used 1652K, capacity 1692K, committed 1792K, reserved 1048576K
GC Heap History (10 events):
Event: 4.796 GC heap before
{Heap before GC invocations=11 (full 0):
 PSYoungGen      total 667136K, used 662048K [0x00000000d6500000, 0x0000000100000000, 0x0000000100000000)
  eden space 651264K, 100% used [0x00000000d6500000,0x00000000fe100000,0x00000000fe100000)
  from space 15872K, 67% used [0x00000000ff080000,0x00000000ffb08010,0x0000000100000000)
  to   space 15872K, 0% used [0x00000000fe100000,0x00000000fe100000,0x00000000ff080000)
 ParOldGen       total 86016K, used 27651K [0x0000000082e00000, 0x0000000088200000, 0x00000000d6500000)
  object space 86016K, 32% used [0x0000000082e00000,0x0000000084900d50,0x0000000088200000)
 Metaspace       used 5123K, capacity 5296K, committed 5504K, reserved 1056768K
  class space    used 542K, capacity 592K, committed 640K, reserved 1048576K
Event: 4.844 GC heap after
Heap after GC invocations=11 (full 0):
 PSYoungGen      total 658944K, used 7168K [0x00000000d6500000, 0x00000000fff00000, 0x0000000100000000)
  eden space 651264K, 0% used [0x00000000d6500000,0x00000000d6500000,0x00000000fe100000)
  from space 7680K, 93% used [0x00000000fe100000,0x00000000fe800010,0x00000000fe880000)
  to   space 15360K, 0% used [0x00000000ff000000,0x00000000ff000000,0x00000000fff00000)
 ParOldGen       total 86016K, used 38175K [0x0000000082e00000, 0x0000000088200000, 0x00000000d6500000)
  object space 86016K, 44% used [0x0000000082e00000,0x0000000085347d60,0x0000000088200000)
 Metaspace       used 5123K, capacity 5296K, committed 5504K, reserved 1056768K
  class space    used 542K, capacity 592K, committed 640K, reserved 1048576K
}
Event: 5.598 GC heap before
{Heap before GC invocations=12 (full 0):
 PSYoungGen      total 658944K, used 658432K [0x00000000d6500000, 0x00000000fff00000, 0x0000000100000000)
  eden space 651264K, 100% used [0x00000000d6500000,0x00000000fe100000,0x00000000fe100000)
  from space 7680K, 93% used [0x00000000fe100000,0x00000000fe800010,0x00000000fe880000)
  to   space 15360K, 0% used [0x00000000ff000000,0x00000000ff000000,0x00000000fff00000)
 ParOldGen       total 86016K, used 38175K [0x0000000082e00000, 0x0000000088200000, 0x00000000d6500000)
  object space 86016K, 44% used [0x0000000082e00000,0x0000000085347d60,0x0000000088200000)
 Metaspace       used 5123K, capacity 5296K, committed 5504K, reserved 1056768K
  class space    used 542K, capacity 592K, committed 640K, reserved 1048576K
Event: 5.640 GC heap after
Heap after GC invocations=12 (full 0):
 PSYoungGen      total 667136K, used 6720K [0x00000000d6500000, 0x0000000100000000, 0x0000000100000000)
  eden space 651776K, 0% used [0x00000000d6500000,0x00000000d6500000,0x00000000fe180000)
  from space 15360K, 43% used [0x00000000ff000000,0x00000000ff690000,0x00000000fff00000)
  to   space 14848K, 0% used [0x00000000fe180000,0x00000000fe180000,0x00000000ff000000)
 ParOldGen       total 86016K, used 45291K [0x0000000082e00000, 0x0000000088200000, 0x00000000d6500000)
  object space 86016K, 52% used [0x0000000082e00000,0x0000000085a3ada0,0x0000000088200000)
 Metaspace       used 5123K, capacity 5296K, committed 5504K, reserved 1056768K
  class space    used 542K, capacity 592K, committed 640K, reserved 1048576K
}
Event: 7.943 GC heap before
{Heap before GC invocations=13 (full 0):
 PSYoungGen      total 667136K, used 658496K [0x00000000d6500000, 0x0000000100000000, 0x0000000100000000)
  eden space 651776K, 100% used [0x00000000d6500000,0x00000000fe180000,0x00000000fe180000)
  from space 15360K, 43% used [0x00000000ff000000,0x00000000ff690000,0x00000000fff00000)
  to   space 14848K, 0% used [0x00000000fe180000,0x00000000fe180000,0x00000000ff000000)
 ParOldGen       total 86016K, used 45291K [0x0000000082e00000, 0x0000000088200000, 0x00000000d6500000)
  object space 86016K, 52% used [0x0000000082e00000,0x0000000085a3ada0,0x0000000088200000)
 Metaspace       used 9279K, capacity 9372K, committed 9600K, reserved 1058816K
  class space    used 1048K, capacity 1074K, committed 1152K, reserved 1048576K
Event: 7.991 GC heap after
Heap after GC invocations=13 (full 0):
 PSYoungGen      total 666624K, used 14832K [0x00000000d6500000, 0x0000000100000000, 0x0000000100000000)
  eden space 651776K, 0% used [0x00000000d6500000,0x00000000d6500000,0x00000000fe180000)
  from space 14848K, 99% used [0x00000000fe180000,0x00000000feffc0b0,0x00000000ff000000)
  to   space 16384K, 0% used [0x00000000ff000000,0x00000000ff000000,0x0000000100000000)
 ParOldGen       total 86016K, used 55451K [0x0000000082e00000, 0x0000000088200000, 0x00000000d6500000)
  object space 86016K, 64% used [0x0000000082e00000,0x0000000086426cf0,0x0000000088200000)
 Metaspace       used 9279K, capacity 9372K, committed 9600K, reserved 1058816K
  class space    used 1048K, capacity 1074K, committed 1152K, reserved 1048576K
}
Event: 80.021 GC heap before
{Heap before GC invocations=14 (full 0):
 PSYoungGen      total 666624K, used 666608K [0x00000000d6500000, 0x0000000100000000, 0x0000000100000000)
  eden space 651776K, 100% used [0x00000000d6500000,0x00000000fe180000,0x00000000fe180000)
  from space 14848K, 99% used [0x00000000fe180000,0x00000000feffc0b0,0x00000000ff000000)
  to   space 16384K, 0% used [0x00000000ff000000,0x00000000ff000000,0x0000000100000000)
 ParOldGen       total 86016K, used 55451K [0x0000000082e00000, 0x0000000088200000, 0x00000000d6500000)
  object space 86016K, 64% used [0x0000000082e00000,0x0000000086426cf0,0x0000000088200000)
 Metaspace       used 14664K, capacity 14790K, committed 15104K, reserved 1062912K
  class space    used 1646K, capacity 1693K, committed 1792K, reserved 1048576K
Event: 80.143 GC heap after
Heap after GC invocations=14 (full 0):
 PSYoungGen      total 625664K, used 16372K [0x00000000d6500000, 0x0000000100000000, 0x0000000100000000)
  eden space 609280K, 0% used [0x00000000d6500000,0x00000000d6500000,0x00000000fb800000)
  from space 16384K, 99% used [0x00000000ff000000,0x00000000ffffd3d8,0x0000000100000000)
  to   space 36864K, 0% used [0x00000000fb800000,0x00000000fb800000,0x00000000fdc00000)
 ParOldGen       total 96256K, used 95795K [0x0000000082e00000, 0x0000000088c00000, 0x00000000d6500000)
  object space 96256K, 99% used [0x0000000082e00000,0x0000000088b8cc18,0x0000000088c00000)
 Metaspace       used 14664K, capacity 14790K, committed 15104K, reserved 1062912K
  class space    used 1646K, capacity 1693K, committed 1792K, reserved 1048576K
}
Event: 80.143 GC heap before
{Heap before GC invocations=15 (full 1):
 PSYoungGen      total 625664K, used 16372K [0x00000000d6500000, 0x0000000100000000, 0x0000000100000000)
  eden space 609280K, 0% used [0x00000000d6500000,0x00000000d6500000,0x00000000fb800000)
  from space 16384K, 99% used [0x00000000ff000000,0x00000000ffffd3d8,0x0000000100000000)
  to   space 36864K, 0% used [0x00000000fb800000,0x00000000fb800000,0x00000000fdc00000)
 ParOldGen       total 96256K, used 95795K [0x0000000082e00000, 0x0000000088c00000, 0x00000000d6500000)
  object space 96256K, 99% used [0x0000000082e00000,0x0000000088b8cc18,0x0000000088c00000)
 Metaspace       used 14664K, capacity 14790K, committed 15104K, reserved 1062912K
  class space    used 1646K, capacity 1693K, committed 1792K, reserved 1048576K
Event: 80.839 GC heap after
Heap after GC invocations=15 (full 1):
 PSYoungGen      total 625664K, used 12777K [0x00000000d6500000, 0x0000000100000000, 0x0000000100000000)
  eden space 609280K, 0% used [0x00000000d6500000,0x00000000d6500000,0x00000000fb800000)
  from space 16384K, 77% used [0x00000000ff000000,0x00000000ffc7a668,0x0000000100000000)
  to   space 36864K, 0% used [0x00000000fb800000,0x00000000fb800000,0x00000000fdc00000)
 ParOldGen       total 162304K, used 95933K [0x0000000082e00000, 0x000000008cc80000, 0x00000000d6500000)
  object space 162304K, 59% used [0x0000000082e00000,0x0000000088baf570,0x000000008cc80000)
 Metaspace       used 14663K, capacity 14788K, committed 15104K, reserved 1062912K
  class space    used 1646K, capacity 1692K, committed 1792K, reserved 1048576K
}

