# JRE version: Java(TM) SE Runtime Environment (8.0_25-b17) (build 1.8.0_25-b17)
# Java VM: Java HotSpot(TM) 64-Bit Server VM (25.25-b02 mixed mode linux-amd64 compressed oops)
Heap:
 PSYoungGen      total 279040K, used 153903K [0x00000000d6500000, 0x00000000e8700000, 0x0000000100000000)
  eden space 262144K, 58% used [0x00000000d6500000,0x00000000dfb4bf28,0x00000000e6500000)
  from space 16896K, 0% used [0x00000000e7680000,0x00000000e7680000,0x00000000e8700000)
  to   space 17408K, 0% used [0x00000000e6500000,0x00000000e6500000,0x00000000e7600000)
 ParOldGen       total 71680K, used 18925K [0x0000000082e00000, 0x0000000087400000, 0x00000000d6500000)
  object space 71680K, 26% used [0x0000000082e00000,0x000000008407b6b0,0x0000000087400000)
 Metaspace       used 28769K, capacity 29502K, committed 29824K, reserved 1075200K
  class space    used 3651K, capacity 3869K, committed 3968K, reserved 1048576K
GC Heap History (10 events):
Event: 3.063 GC heap before
{Heap before GC invocations=3 (full 0):
 PSYoungGen      total 70656K, used 70642K [0x00000000d6500000, 0x00000000daf00000, 0x0000000100000000)
  eden space 65536K, 100% used [0x00000000d6500000,0x00000000da500000,0x00000000da500000)
  from space 5120K, 99% used [0x00000000daa00000,0x00000000daefca68,0x00000000daf00000)
  to   space 5120K, 0% used [0x00000000da500000,0x00000000da500000,0x00000000daa00000)
 ParOldGen       total 86016K, used 1895K [0x0000000082e00000, 0x0000000088200000, 0x00000000d6500000)
  object space 86016K, 2% used [0x0000000082e00000,0x0000000082fd9eb8,0x0000000088200000)
 Metaspace       used 14161K, capacity 14378K, committed 14720K, reserved 1062912K
  class space    used 1686K, capacity 1803K, committed 1920K, reserved 1048576K
Event: 3.086 GC heap after
Heap after GC invocations=3 (full 0):
 PSYoungGen      total 70656K, used 5104K [0x00000000d6500000, 0x00000000def00000, 0x0000000100000000)
  eden space 65536K, 0% used [0x00000000d6500000,0x00000000d6500000,0x00000000da500000)
  from space 5120K, 99% used [0x00000000da500000,0x00000000da9fc010,0x00000000daa00000)
  to   space 5120K, 0% used [0x00000000dea00000,0x00000000dea00000,0x00000000def00000)
 ParOldGen       total 86016K, used 4905K [0x0000000082e00000, 0x0000000088200000, 0x00000000d6500000)
  object space 86016K, 5% used [0x0000000082e00000,0x00000000832ca520,0x0000000088200000)
 Metaspace       used 14161K, capacity 14378K, committed 14720K, reserved 1062912K
  class space    used 1686K, capacity 1803K, committed 1920K, reserved 1048576K
}
Event: 4.435 GC heap before
{Heap before GC invocations=4 (full 0):
 PSYoungGen      total 70656K, used 70640K [0x00000000d6500000, 0x00000000def00000, 0x0000000100000000)
  eden space 65536K, 100% used [0x00000000d6500000,0x00000000da500000,0x00000000da500000)
  from space 5120K, 99% used [0x00000000da500000,0x00000000da9fc010,0x00000000daa00000)
  to   space 5120K, 0% used [0x00000000dea00000,0x00000000dea00000,0x00000000def00000)
 ParOldGen       total 86016K, used 4905K [0x0000000082e00000, 0x0000000088200000, 0x00000000d6500000)
  object space 86016K, 5% used [0x0000000082e00000,0x00000000832ca520,0x0000000088200000)
 Metaspace       used 16889K, capacity 17238K, committed 17664K, reserved 1064960K
  class space    used 2040K, capacity 2177K, committed 2304K, reserved 1048576K
Event: 4.461 GC heap after
Heap after GC invocations=4 (full 0):
 PSYoungGen      total 136192K, used 5088K [0x00000000d6500000, 0x00000000def00000, 0x0000000100000000)
  eden space 131072K, 0% used [0x00000000d6500000,0x00000000d6500000,0x00000000de500000)
  from space 5120K, 99% used [0x00000000dea00000,0x00000000deef8240,0x00000000def00000)
  to   space 5120K, 0% used [0x00000000de500000,0x00000000de500000,0x00000000dea00000)
 ParOldGen       total 86016K, used 12717K [0x0000000082e00000, 0x0000000088200000, 0x00000000d6500000)
  object space 86016K, 14% used [0x0000000082e00000,0x0000000083a6b750,0x0000000088200000)
 Metaspace       used 16889K, capacity 17238K, committed 17664K, reserved 1064960K
  class space    used 2040K, capacity 2177K, committed 2304K, reserved 1048576K
}
Event: 6.582 GC heap before
{Heap before GC invocations=5 (full 0):
 PSYoungGen      total 136192K, used 136160K [0x00000000d6500000, 0x00000000def00000, 0x0000000100000000)
  eden space 131072K, 100% used [0x00000000d6500000,0x00000000de500000,0x00000000de500000)
  from space 5120K, 99% used [0x00000000dea00000,0x00000000deef8240,0x00000000def00000)
  to   space 5120K, 0% used [0x00000000de500000,0x00000000de500000,0x00000000dea00000)
 ParOldGen       total 86016K, used 12717K [0x0000000082e00000, 0x0000000088200000, 0x00000000d6500000)
  object space 86016K, 14% used [0x0000000082e00000,0x0000000083a6b750,0x0000000088200000)
 Metaspace       used 20076K, capacity 20602K, committed 20864K, reserved 1067008K
  class space    used 2421K, capacity 2591K, committed 2688K, reserved 1048576K
Event: 6.629 GC heap after
Heap after GC invocations=5 (full 0):
 PSYoungGen      total 136192K, used 5088K [0x00000000d6500000, 0x00000000e8800000, 0x0000000100000000)
  eden space 131072K, 0% used [0x00000000d6500000,0x00000000d6500000,0x00000000de500000)
  from space 5120K, 99% used [0x00000000de500000,0x00000000de9f8260,0x00000000dea00000)
  to   space 17920K, 0% used [0x00000000e7680000,0x00000000e7680000,0x00000000e8800000)
 ParOldGen       total 86016K, used 23352K [0x0000000082e00000, 0x0000000088200000, 0x00000000d6500000)
  object space 86016K, 27% used [0x0000000082e00000,0x00000000844ce2f8,0x0000000088200000)
 Metaspace       used 20076K, capacity 20602K, committed 20864K, reserved 1067008K
  class space    used 2421K, capacity 2591K, committed 2688K, reserved 1048576K
}
Event: 6.692 GC heap before
{Heap before GC invocations=6 (full 0):
 PSYoungGen      total 136192K, used 10266K [0x00000000d6500000, 0x00000000e8800000, 0x0000000100000000)
  eden space 131072K, 3% used [0x00000000d6500000,0x00000000d6a0e6a8,0x00000000de500000)
  from space 5120K, 99% used [0x00000000de500000,0x00000000de9f8260,0x00000000dea00000)
  to   space 17920K, 0% used [0x00000000e7680000,0x00000000e7680000,0x00000000e8800000)
 ParOldGen       total 86016K, used 23352K [0x0000000082e00000, 0x0000000088200000, 0x00000000d6500000)
  object space 86016K, 27% used [0x0000000082e00000,0x00000000844ce2f8,0x0000000088200000)
 Metaspace       used 20523K, capacity 20998K, committed 21296K, reserved 1069056K
  class space    used 2490K, capacity 2663K, committed 2688K, reserved 1048576K
Event: 6.713 GC heap after
Heap after GC invocations=6 (full 0):
 PSYoungGen      total 279040K, used 5579K [0x00000000d6500000, 0x00000000e8700000, 0x0000000100000000)
  eden space 262144K, 0% used [0x00000000d6500000,0x00000000d6500000,0x00000000e6500000)
  from space 16896K, 33% used [0x00000000e7680000,0x00000000e7bf2c20,0x00000000e8700000)
  to   space 17408K, 0% used [0x00000000e6500000,0x00000000e6500000,0x00000000e7600000)
 ParOldGen       total 86016K, used 23352K [0x0000000082e00000, 0x0000000088200000, 0x00000000d6500000)
  object space 86016K, 27% used [0x0000000082e00000,0x00000000844ce2f8,0x0000000088200000)
 Metaspace       used 20523K, capacity 20998K, committed 21296K, reserved 1069056K
  class space    used 2490K, capacity 2663K, committed 2688K, reserved 1048576K
}
Event: 6.713 GC heap before
{Heap before GC invocations=7 (full 1):
 PSYoungGen      total 279040K, used 5579K [0x00000000d6500000, 0x00000000e8700000, 0x0000000100000000)
  eden space 262144K, 0% used [0x00000000d6500000,0x00000000d6500000,0x00000000e6500000)
  from space 16896K, 33% used [0x00000000e7680000,0x00000000e7bf2c20,0x00000000e8700000)
  to   space 17408K, 0% used [0x00000000e6500000,0x00000000e6500000,0x00000000e7600000)
 ParOldGen       total 86016K, used 23352K [0x0000000082e00000, 0x0000000088200000, 0x00000000d6500000)
  object space 86016K, 27% used [0x0000000082e00000,0x00000000844ce2f8,0x0000000088200000)
 Metaspace       used 20523K, capacity 20998K, committed 21296K, reserved 1069056K
  class space    used 2490K, capacity 2663K, committed 2688K, reserved 1048576K
Event: 6.871 GC heap after
Heap after GC invocations=7 (full 1):
 PSYoungGen      total 279040K, used 0K [0x00000000d6500000, 0x00000000e8700000, 0x0000000100000000)
  eden space 262144K, 0% used [0x00000000d6500000,0x00000000d6500000,0x00000000e6500000)
  from space 16896K, 0% used [0x00000000e7680000,0x00000000e7680000,0x00000000e8700000)
  to   space 17408K, 0% used [0x00000000e6500000,0x00000000e6500000,0x00000000e7600000)
 ParOldGen       total 71680K, used 18925K [0x0000000082e00000, 0x0000000087400000, 0x00000000d6500000)
  object space 71680K, 26% used [0x0000000082e00000,0x000000008407b6b0,0x0000000087400000)
 Metaspace       used 20523K, capacity 20998K, committed 21296K, reserved 1069056K
  class space    used 2490K, capacity 2663K, committed 2688K, reserved 1048576K
}

