# JRE version: Java(TM) SE Runtime Environment (8.0_25-b17) (build 1.8.0_25-b17)
# Java VM: Java HotSpot(TM) 64-Bit Server VM (25.25-b02 mixed mode linux-amd64 compressed oops)
Heap:
 PSYoungGen      total 491520K, used 160299K [0x00000000d6500000, 0x00000000f5f00000, 0x0000000100000000)
  eden space 467968K, 34% used [0x00000000d6500000,0x00000000e018ac48,0x00000000f2e00000)
  from space 23552K, 0% used [0x00000000f4480000,0x00000000f4480000,0x00000000f5b80000)
  to   space 23040K, 0% used [0x00000000f2e00000,0x00000000f2e00000,0x00000000f4480000)
 ParOldGen       total 91648K, used 30050K [0x0000000082e00000, 0x0000000088780000, 0x00000000d6500000)
  object space 91648K, 32% used [0x0000000082e00000,0x0000000084b588b0,0x0000000088780000)
 Metaspace       used 35580K, capacity 36524K, committed 36904K, reserved 1081344K
  class space    used 4329K, capacity 4599K, committed 4648K, reserved 1048576K
GC Heap History (10 events):
Event: 6.114 GC heap before
{Heap before GC invocations=6 (full 0):
 PSYoungGen      total 136192K, used 7681K [0x00000000d6500000, 0x00000000e8900000, 0x0000000100000000)
  eden space 131072K, 1% used [0x00000000d6500000,0x00000000d67883d0,0x00000000de500000)
  from space 5120K, 99% used [0x00000000de500000,0x00000000de9f8160,0x00000000dea00000)
  to   space 18432K, 0% used [0x00000000e7700000,0x00000000e7700000,0x00000000e8900000)
 ParOldGen       total 86016K, used 23702K [0x0000000082e00000, 0x0000000088200000, 0x00000000d6500000)
  object space 86016K, 27% used [0x0000000082e00000,0x0000000084525818,0x0000000088200000)
 Metaspace       used 20528K, capacity 20990K, committed 21296K, reserved 1069056K
  class space    used 2490K, capacity 2663K, committed 2688K, reserved 1048576K
Event: 6.144 GC heap after
Heap after GC invocations=6 (full 0):
 PSYoungGen      total 279552K, used 5384K [0x00000000d6500000, 0x00000000e8800000, 0x0000000100000000)
  eden space 262144K, 0% used [0x00000000d6500000,0x00000000d6500000,0x00000000e6500000)
  from space 17408K, 30% used [0x00000000e7700000,0x00000000e7c42050,0x00000000e8800000)
  to   space 17920K, 0% used [0x00000000e6500000,0x00000000e6500000,0x00000000e7680000)
 ParOldGen       total 86016K, used 23710K [0x0000000082e00000, 0x0000000088200000, 0x00000000d6500000)
  object space 86016K, 27% used [0x0000000082e00000,0x0000000084527818,0x0000000088200000)
 Metaspace       used 20528K, capacity 20990K, committed 21296K, reserved 1069056K
  class space    used 2490K, capacity 2663K, committed 2688K, reserved 1048576K
}
Event: 6.144 GC heap before
{Heap before GC invocations=7 (full 1):
 PSYoungGen      total 279552K, used 5384K [0x00000000d6500000, 0x00000000e8800000, 0x0000000100000000)
  eden space 262144K, 0% used [0x00000000d6500000,0x00000000d6500000,0x00000000e6500000)
  from space 17408K, 30% used [0x00000000e7700000,0x00000000e7c42050,0x00000000e8800000)
  to   space 17920K, 0% used [0x00000000e6500000,0x00000000e6500000,0x00000000e7680000)
 ParOldGen       total 86016K, used 23710K [0x0000000082e00000, 0x0000000088200000, 0x00000000d6500000)
  object space 86016K, 27% used [0x0000000082e00000,0x0000000084527818,0x0000000088200000)
 Metaspace       used 20528K, capacity 20990K, committed 21296K, reserved 1069056K
  class space    used 2490K, capacity 2663K, committed 2688K, reserved 1048576K
Event: 6.302 GC heap after
Heap after GC invocations=7 (full 1):
 PSYoungGen      total 279552K, used 0K [0x00000000d6500000, 0x00000000e8800000, 0x0000000100000000)
  eden space 262144K, 0% used [0x00000000d6500000,0x00000000d6500000,0x00000000e6500000)
  from space 17408K, 0% used [0x00000000e7700000,0x00000000e7700000,0x00000000e8800000)
  to   space 17920K, 0% used [0x00000000e6500000,0x00000000e6500000,0x00000000e7680000)
 ParOldGen       total 71168K, used 19371K [0x0000000082e00000, 0x0000000087380000, 0x00000000d6500000)
  object space 71168K, 27% used [0x0000000082e00000,0x00000000840eaf28,0x0000000087380000)
 Metaspace       used 20528K, capacity 20990K, committed 21296K, reserved 1069056K
  class space    used 2490K, capacity 2663K, committed 2688K, reserved 1048576K
}
Event: 10.109 GC heap before
{Heap before GC invocations=8 (full 1):
 PSYoungGen      total 279552K, used 262144K [0x00000000d6500000, 0x00000000e8800000, 0x0000000100000000)
  eden space 262144K, 100% used [0x00000000d6500000,0x00000000e6500000,0x00000000e6500000)
  from space 17408K, 0% used [0x00000000e7700000,0x00000000e7700000,0x00000000e8800000)
  to   space 17920K, 0% used [0x00000000e6500000,0x00000000e6500000,0x00000000e7680000)
 ParOldGen       total 71168K, used 19371K [0x0000000082e00000, 0x0000000087380000, 0x00000000d6500000)
  object space 71168K, 27% used [0x0000000082e00000,0x00000000840eaf28,0x0000000087380000)
 Metaspace       used 32764K, capacity 33554K, committed 34048K, reserved 1079296K
  class space    used 4061K, capacity 4296K, committed 4352K, reserved 1048576K
Event: 10.166 GC heap after
Heap after GC invocations=8 (full 1):
 PSYoungGen      total 280064K, used 17900K [0x00000000d6500000, 0x00000000f5b80000, 0x0000000100000000)
  eden space 262144K, 0% used [0x00000000d6500000,0x00000000d6500000,0x00000000e6500000)
  from space 17920K, 99% used [0x00000000e6500000,0x00000000e767b218,0x00000000e7680000)
  to   space 23552K, 0% used [0x00000000f4480000,0x00000000f4480000,0x00000000f5b80000)
 ParOldGen       total 71168K, used 23860K [0x0000000082e00000, 0x0000000087380000, 0x00000000d6500000)
  object space 71168K, 33% used [0x0000000082e00000,0x000000008454d1f8,0x0000000087380000)
 Metaspace       used 32764K, capacity 33554K, committed 34048K, reserved 1079296K
  class space    used 4061K, capacity 4296K, committed 4352K, reserved 1048576K
}
Event: 10.436 GC heap before
{Heap before GC invocations=9 (full 1):
 PSYoungGen      total 280064K, used 38725K [0x00000000d6500000, 0x00000000f5b80000, 0x0000000100000000)
  eden space 262144K, 7% used [0x00000000d6500000,0x00000000d7956208,0x00000000e6500000)
  from space 17920K, 99% used [0x00000000e6500000,0x00000000e767b218,0x00000000e7680000)
  to   space 23552K, 0% used [0x00000000f4480000,0x00000000f4480000,0x00000000f5b80000)
 ParOldGen       total 71168K, used 23860K [0x0000000082e00000, 0x0000000087380000, 0x00000000d6500000)
  object space 71168K, 33% used [0x0000000082e00000,0x000000008454d1f8,0x0000000087380000)
 Metaspace       used 34462K, capacity 35178K, committed 35496K, reserved 1081344K
  class space    used 4262K, capacity 4492K, committed 4520K, reserved 1048576K
Event: 10.479 GC heap after
Heap after GC invocations=9 (full 1):
 PSYoungGen      total 491520K, used 13500K [0x00000000d6500000, 0x00000000f5f00000, 0x0000000100000000)
  eden space 467968K, 0% used [0x00000000d6500000,0x00000000d6500000,0x00000000f2e00000)
  from space 23552K, 57% used [0x00000000f4480000,0x00000000f51af270,0x00000000f5b80000)
  to   space 23040K, 0% used [0x00000000f2e00000,0x00000000f2e00000,0x00000000f4480000)
 ParOldGen       total 71168K, used 23868K [0x0000000082e00000, 0x0000000087380000, 0x00000000d6500000)
  object space 71168K, 33% used [0x0000000082e00000,0x000000008454f1f8,0x0000000087380000)
 Metaspace       used 34462K, capacity 35178K, committed 35496K, reserved 1081344K
  class space    used 4262K, capacity 4492K, committed 4520K, reserved 1048576K
}
Event: 10.479 GC heap before
{Heap before GC invocations=10 (full 2):
 PSYoungGen      total 491520K, used 13500K [0x00000000d6500000, 0x00000000f5f00000, 0x0000000100000000)
  eden space 467968K, 0% used [0x00000000d6500000,0x00000000d6500000,0x00000000f2e00000)
  from space 23552K, 57% used [0x00000000f4480000,0x00000000f51af270,0x00000000f5b80000)
  to   space 23040K, 0% used [0x00000000f2e00000,0x00000000f2e00000,0x00000000f4480000)
 ParOldGen       total 71168K, used 23868K [0x0000000082e00000, 0x0000000087380000, 0x00000000d6500000)
  object space 71168K, 33% used [0x0000000082e00000,0x000000008454f1f8,0x0000000087380000)
 Metaspace       used 34462K, capacity 35178K, committed 35496K, reserved 1081344K
  class space    used 4262K, capacity 4492K, committed 4520K, reserved 1048576K
Event: 10.693 GC heap after
Heap after GC invocations=10 (full 2):
 PSYoungGen      total 491520K, used 0K [0x00000000d6500000, 0x00000000f5f00000, 0x0000000100000000)
  eden space 467968K, 0% used [0x00000000d6500000,0x00000000d6500000,0x00000000f2e00000)
  from space 23552K, 0% used [0x00000000f4480000,0x00000000f4480000,0x00000000f5b80000)
  to   space 23040K, 0% used [0x00000000f2e00000,0x00000000f2e00000,0x00000000f4480000)
 ParOldGen       total 91648K, used 30050K [0x0000000082e00000, 0x0000000088780000, 0x00000000d6500000)
  object space 91648K, 32% used [0x0000000082e00000,0x0000000084b588b0,0x0000000088780000)
 Metaspace       used 34458K, capacity 35172K, committed 35496K, reserved 1081344K
  class space    used 4261K, capacity 4491K, committed 4520K, reserved 1048576K
}

