# JRE version: Java(TM) SE Runtime Environment (8.0_25-b17) (build 1.8.0_25-b17)
# Java VM: Java HotSpot(TM) 64-Bit Server VM (25.25-b02 mixed mode linux-amd64 compressed oops)
Heap:
 PSYoungGen      total 460800K, used 407862K [0x00000000d6500000, 0x0000000100000000, 0x0000000100000000)
  eden space 330752K, 84% used [0x00000000d6500000,0x00000000e7461b60,0x00000000ea800000)
  from space 130048K, 99% used [0x00000000ea800000,0x00000000f26ec020,0x00000000f2700000)
  to   space 178688K, 0% used [0x00000000f5180000,0x00000000f5180000,0x0000000100000000)
 ParOldGen       total 522240K, used 342026K [0x0000000082e00000, 0x00000000a2c00000, 0x00000000d6500000)
  object space 522240K, 65% used [0x0000000082e00000,0x0000000097c02800,0x00000000a2c00000)
 Metaspace       used 5239K, capacity 5360K, committed 5504K, reserved 1056768K
  class space    used 554K, capacity 592K, committed 640K, reserved 1048576K
GC Heap History (10 events):
Event: 9.844 GC heap before
{Heap before GC invocations=20 (full 3):
 PSYoungGen      total 475648K, used 419088K [0x00000000d6500000, 0x00000000fdd80000, 0x0000000100000000)
  eden space 305664K, 100% used [0x00000000d6500000,0x00000000e8f80000,0x00000000e8f80000)
  from space 169984K, 66% used [0x00000000f3780000,0x00000000fa644020,0x00000000fdd80000)
  to   space 171008K, 0% used [0x00000000e8f80000,0x00000000e8f80000,0x00000000f3680000)
 ParOldGen       total 522240K, used 342010K [0x0000000082e00000, 0x00000000a2c00000, 0x00000000d6500000)
  object space 522240K, 65% used [0x0000000082e00000,0x0000000097bfe800,0x00000000a2c00000)
 Metaspace       used 5115K, capacity 5232K, committed 5504K, reserved 1056768K
  class space    used 543K, capacity 592K, committed 640K, reserved 1048576K
Event: 10.012 GC heap after
Heap after GC invocations=20 (full 3):
 PSYoungGen      total 476672K, used 116464K [0x00000000d6500000, 0x0000000100000000, 0x0000000100000000)
  eden space 305664K, 0% used [0x00000000d6500000,0x00000000d6500000,0x00000000e8f80000)
  from space 171008K, 68% used [0x00000000e8f80000,0x00000000f013c020,0x00000000f3680000)
  to   space 171520K, 0% used [0x00000000f5880000,0x00000000f5880000,0x0000000100000000)
 ParOldGen       total 522240K, used 342018K [0x0000000082e00000, 0x00000000a2c00000, 0x00000000d6500000)
  object space 522240K, 65% used [0x0000000082e00000,0x0000000097c00800,0x00000000a2c00000)
 Metaspace       used 5115K, capacity 5232K, committed 5504K, reserved 1056768K
  class space    used 543K, capacity 592K, committed 640K, reserved 1048576K
}
Event: 10.359 GC heap before
{Heap before GC invocations=21 (full 3):
 PSYoungGen      total 476672K, used 422128K [0x00000000d6500000, 0x0000000100000000, 0x0000000100000000)
  eden space 305664K, 100% used [0x00000000d6500000,0x00000000e8f80000,0x00000000e8f80000)
  from space 171008K, 68% used [0x00000000e8f80000,0x00000000f013c020,0x00000000f3680000)
  to   space 171520K, 0% used [0x00000000f5880000,0x00000000f5880000,0x0000000100000000)
 ParOldGen       total 522240K, used 342018K [0x0000000082e00000, 0x00000000a2c00000, 0x00000000d6500000)
  object space 522240K, 65% used [0x0000000082e00000,0x0000000097c00800,0x00000000a2c00000)
 Metaspace       used 5115K, capacity 5232K, committed 5504K, reserved 1056768K
  class space    used 543K, capacity 592K, committed 640K, reserved 1048576K
Event: 10.534 GC heap after
Heap after GC invocations=21 (full 3):
 PSYoungGen      total 509440K, used 119504K [0x00000000d6500000, 0x0000000100000000, 0x0000000100000000)
  eden space 337920K, 0% used [0x00000000d6500000,0x00000000d6500000,0x00000000eaf00000)
  from space 171520K, 69% used [0x00000000f5880000,0x00000000fcd34020,0x0000000100000000)
  to   space 172544K, 0% used [0x00000000eaf00000,0x00000000eaf00000,0x00000000f5780000)
 ParOldGen       total 522240K, used 342026K [0x0000000082e00000, 0x00000000a2c00000, 0x00000000d6500000)
  object space 522240K, 65% used [0x0000000082e00000,0x0000000097c02800,0x00000000a2c00000)
 Metaspace       used 5115K, capacity 5232K, committed 5504K, reserved 1056768K
  class space    used 543K, capacity 592K, committed 640K, reserved 1048576K
}
Event: 10.921 GC heap before
{Heap before GC invocations=22 (full 3):
 PSYoungGen      total 509440K, used 457424K [0x00000000d6500000, 0x0000000100000000, 0x0000000100000000)
  eden space 337920K, 100% used [0x00000000d6500000,0x00000000eaf00000,0x00000000eaf00000)
  from space 171520K, 69% used [0x00000000f5880000,0x00000000fcd34020,0x0000000100000000)
  to   space 172544K, 0% used [0x00000000eaf00000,0x00000000eaf00000,0x00000000f5780000)
 ParOldGen       total 522240K, used 342026K [0x0000000082e00000, 0x00000000a2c00000, 0x00000000d6500000)
  object space 522240K, 65% used [0x0000000082e00000,0x0000000097c02800,0x00000000a2c00000)
 Metaspace       used 5115K, capacity 5232K, committed 5504K, reserved 1056768K
  class space    used 543K, capacity 592K, committed 640K, reserved 1048576K
Event: 11.094 GC heap after
Heap after GC invocations=22 (full 3):
 PSYoungGen      total 461312K, used 123024K [0x00000000d6500000, 0x0000000100000000, 0x0000000100000000)
  eden space 337920K, 0% used [0x00000000d6500000,0x00000000d6500000,0x00000000eaf00000)
  from space 123392K, 99% used [0x00000000eaf00000,0x00000000f2724020,0x00000000f2780000)
  to   space 174080K, 0% used [0x00000000f5600000,0x00000000f5600000,0x0000000100000000)
 ParOldGen       total 522240K, used 342026K [0x0000000082e00000, 0x00000000a2c00000, 0x00000000d6500000)
  object space 522240K, 65% used [0x0000000082e00000,0x0000000097c02800,0x00000000a2c00000)
 Metaspace       used 5115K, capacity 5232K, committed 5504K, reserved 1056768K
  class space    used 543K, capacity 592K, committed 640K, reserved 1048576K
}
Event: 11.483 GC heap before
{Heap before GC invocations=23 (full 3):
 PSYoungGen      total 461312K, used 460944K [0x00000000d6500000, 0x0000000100000000, 0x0000000100000000)
  eden space 337920K, 100% used [0x00000000d6500000,0x00000000eaf00000,0x00000000eaf00000)
  from space 123392K, 99% used [0x00000000eaf00000,0x00000000f2724020,0x00000000f2780000)
  to   space 174080K, 0% used [0x00000000f5600000,0x00000000f5600000,0x0000000100000000)
 ParOldGen       total 522240K, used 342026K [0x0000000082e00000, 0x00000000a2c00000, 0x00000000d6500000)
  object space 522240K, 65% used [0x0000000082e00000,0x0000000097c02800,0x00000000a2c00000)
 Metaspace       used 5120K, capacity 5232K, committed 5504K, reserved 1056768K
  class space    used 543K, capacity 592K, committed 640K, reserved 1048576K
Event: 11.661 GC heap after
Heap after GC invocations=23 (full 3):
 PSYoungGen      total 504832K, used 126544K [0x00000000d6500000, 0x0000000100000000, 0x0000000100000000)
  eden space 330752K, 0% used [0x00000000d6500000,0x00000000d6500000,0x00000000ea800000)
  from space 174080K, 72% used [0x00000000f5600000,0x00000000fd194020,0x0000000100000000)
  to   space 176128K, 0% used [0x00000000ea800000,0x00000000ea800000,0x00000000f5400000)
 ParOldGen       total 522240K, used 342026K [0x0000000082e00000, 0x00000000a2c00000, 0x00000000d6500000)
  object space 522240K, 65% used [0x0000000082e00000,0x0000000097c02800,0x00000000a2c00000)
 Metaspace       used 5120K, capacity 5232K, committed 5504K, reserved 1056768K
  class space    used 543K, capacity 592K, committed 640K, reserved 1048576K
}
Event: 12.043 GC heap before
{Heap before GC invocations=24 (full 3):
 PSYoungGen      total 504832K, used 457296K [0x00000000d6500000, 0x0000000100000000, 0x0000000100000000)
  eden space 330752K, 100% used [0x00000000d6500000,0x00000000ea800000,0x00000000ea800000)
  from space 174080K, 72% used [0x00000000f5600000,0x00000000fd194020,0x0000000100000000)
  to   space 176128K, 0% used [0x00000000ea800000,0x00000000ea800000,0x00000000f5400000)
 ParOldGen       total 522240K, used 342026K [0x0000000082e00000, 0x00000000a2c00000, 0x00000000d6500000)
  object space 522240K, 65% used [0x0000000082e00000,0x0000000097c02800,0x00000000a2c00000)
 Metaspace       used 5120K, capacity 5232K, committed 5504K, reserved 1056768K
  class space    used 543K, capacity 592K, committed 640K, reserved 1048576K
Event: 12.225 GC heap after
Heap after GC invocations=24 (full 3):
 PSYoungGen      total 460800K, used 129968K [0x00000000d6500000, 0x0000000100000000, 0x0000000100000000)
  eden space 330752K, 0% used [0x00000000d6500000,0x00000000d6500000,0x00000000ea800000)
  from space 130048K, 99% used [0x00000000ea800000,0x00000000f26ec020,0x00000000f2700000)
  to   space 178688K, 0% used [0x00000000f5180000,0x00000000f5180000,0x0000000100000000)
 ParOldGen       total 522240K, used 342026K [0x0000000082e00000, 0x00000000a2c00000, 0x00000000d6500000)
  object space 522240K, 65% used [0x0000000082e00000,0x0000000097c02800,0x00000000a2c00000)
 Metaspace       used 5120K, capacity 5232K, committed 5504K, reserved 1056768K
  class space    used 543K, capacity 592K, committed 640K, reserved 1048576K
}

